This is pdfTeX, Version 3.1415926-2.5-1.40.14 (TeX Live 2013) (format=pdflatex 2013.11.26)  8 DEC 2013 21:28
entering extended mode
 restricted \write18 enabled.
 %&-line parsing enabled.
**main.tex
(./main.tex
LaTeX2e <2011/06/27>
Babel <3.9f> and hyphenation patterns for 78 languages loaded.
(/usr/local/texlive/2013/texmf-dist/tex/latex/IEEEtran/IEEEtran.cls
Document Class: IEEEtran 2012/12/27 V1.8 by Michael Shell
-- See the "IEEEtran_HOWTO" manual for usage information.
-- http://www.michaelshell.org/tex/ieeetran/
\@IEEEtrantmpdimenA=\dimen102
\@IEEEtrantmpdimenB=\dimen103
\@IEEEtrantmpcountA=\count79
\@IEEEtrantmpcountB=\count80
\@IEEEtrantmptoksA=\toks14
LaTeX Font Info:    Try loading font information for OT1+ptm on input line 368.

(/usr/local/texlive/2013/texmf-dist/tex/latex/psnfss/ot1ptm.fd
File: ot1ptm.fd 2001/06/04 font definitions for OT1/ptm.
)
-- Using 8.5in x 11in (letter) paper.
-- Using PDF output.
\@IEEEnormalsizeunitybaselineskip=\dimen104
-- This is a 10 point document.
\CLASSINFOnormalsizebaselineskip=\dimen105
\CLASSINFOnormalsizeunitybaselineskip=\dimen106
\IEEEnormaljot=\dimen107
LaTeX Font Info:    Font shape `OT1/ptm/bx/n' in size <5> not available
(Font)              Font shape `OT1/ptm/b/n' tried instead on input line 726.
LaTeX Font Info:    Font shape `OT1/ptm/bx/it' in size <5> not available
(Font)              Font shape `OT1/ptm/b/it' tried instead on input line 726.
LaTeX Font Info:    Font shape `OT1/ptm/bx/n' in size <7> not available
(Font)              Font shape `OT1/ptm/b/n' tried instead on input line 726.
LaTeX Font Info:    Font shape `OT1/ptm/bx/it' in size <7> not available
(Font)              Font shape `OT1/ptm/b/it' tried instead on input line 726.
LaTeX Font Info:    Font shape `OT1/ptm/bx/n' in size <8> not available
(Font)              Font shape `OT1/ptm/b/n' tried instead on input line 726.
LaTeX Font Info:    Font shape `OT1/ptm/bx/it' in size <8> not available
(Font)              Font shape `OT1/ptm/b/it' tried instead on input line 726.
LaTeX Font Info:    Font shape `OT1/ptm/bx/n' in size <9> not available
(Font)              Font shape `OT1/ptm/b/n' tried instead on input line 726.
LaTeX Font Info:    Font shape `OT1/ptm/bx/it' in size <9> not available
(Font)              Font shape `OT1/ptm/b/it' tried instead on input line 726.
LaTeX Font Info:    Font shape `OT1/ptm/bx/n' in size <10> not available
(Font)              Font shape `OT1/ptm/b/n' tried instead on input line 726.
LaTeX Font Info:    Font shape `OT1/ptm/bx/it' in size <10> not available
(Font)              Font shape `OT1/ptm/b/it' tried instead on input line 726.
LaTeX Font Info:    Font shape `OT1/ptm/bx/n' in size <11> not available
(Font)              Font shape `OT1/ptm/b/n' tried instead on input line 726.
LaTeX Font Info:    Font shape `OT1/ptm/bx/it' in size <11> not available
(Font)              Font shape `OT1/ptm/b/it' tried instead on input line 726.
LaTeX Font Info:    Font shape `OT1/ptm/bx/n' in size <12> not available
(Font)              Font shape `OT1/ptm/b/n' tried instead on input line 726.
LaTeX Font Info:    Font shape `OT1/ptm/bx/it' in size <12> not available
(Font)              Font shape `OT1/ptm/b/it' tried instead on input line 726.
LaTeX Font Info:    Font shape `OT1/ptm/bx/n' in size <17> not available
(Font)              Font shape `OT1/ptm/b/n' tried instead on input line 726.
LaTeX Font Info:    Font shape `OT1/ptm/bx/it' in size <17> not available
(Font)              Font shape `OT1/ptm/b/it' tried instead on input line 726.
LaTeX Font Info:    Font shape `OT1/ptm/bx/n' in size <20> not available
(Font)              Font shape `OT1/ptm/b/n' tried instead on input line 726.
LaTeX Font Info:    Font shape `OT1/ptm/bx/it' in size <20> not available
(Font)              Font shape `OT1/ptm/b/it' tried instead on input line 726.
LaTeX Font Info:    Font shape `OT1/ptm/bx/n' in size <24> not available
(Font)              Font shape `OT1/ptm/b/n' tried instead on input line 726.
LaTeX Font Info:    Font shape `OT1/ptm/bx/it' in size <24> not available
(Font)              Font shape `OT1/ptm/b/it' tried instead on input line 726.
\IEEEilabelindentA=\dimen108
\IEEEilabelindentB=\dimen109
\IEEEilabelindent=\dimen110
\IEEEelabelindent=\dimen111
\IEEEdlabelindent=\dimen112
\IEEElabelindent=\dimen113
\IEEEiednormlabelsep=\dimen114
\IEEEiedmathlabelsep=\dimen115
\IEEEiedtopsep=\skip41
\c@section=\count81
\c@subsection=\count82
\c@subsubsection=\count83
\c@paragraph=\count84
\c@IEEEsubequation=\count85
\abovecaptionskip=\skip42
\belowcaptionskip=\skip43
\c@figure=\count86
\c@table=\count87
\@IEEEeqnnumcols=\count88
\@IEEEeqncolcnt=\count89
\@IEEEsubeqnnumrollback=\count90
\@IEEEtmpitemindent=\dimen116
\c@IEEEbiography=\count91
\@IEEEtranrubishbin=\box26
) (/usr/local/texlive/2013/texmf-dist/tex/latex/base/inputenc.sty
Package: inputenc 2008/03/30 v1.1d Input encoding file
\inpenc@prehook=\toks15
\inpenc@posthook=\toks16

(/usr/local/texlive/2013/texmf-dist/tex/latex/ucs/utf8x.def
File: utf8x.def 2004/10/17 UCS: Input encoding UTF-8
))
(/usr/local/texlive/2013/texmf-dist/tex/latex/ucs/ucs.sty
Package: ucs 2013/05/11 v2.2 UCS: Unicode input support

(/usr/local/texlive/2013/texmf-dist/tex/latex/ucs/data/uni-global.def
File: uni-global.def 2013/05/13 UCS: Unicode global data
)
\uc@secondtry=\count92
\uc@combtoks=\toks17
\uc@combtoksb=\toks18
\uc@temptokena=\toks19
)
(/usr/local/texlive/2013/texmf-dist/tex/latex/base/fontenc.sty
Package: fontenc 2005/09/27 v1.99g Standard LaTeX package

(/usr/local/texlive/2013/texmf-dist/tex/latex/lithuanian/l7xenc.def
File: l7xenc.def 2008/10/14 v1.96 LaTeX-LT file
LaTeX Info: Redefining \selectfont on input line 30.
)
LaTeX Font Info:    Failed loading font information for L7x+ptm. on input line 
100.
LaTeX Font Info:    Try loading font information for L7x+lmr on input line 100.


(/usr/local/texlive/2013/texmf-dist/tex/latex/lm/l7xlmr.fd
File: l7xlmr.fd 2009/10/30 v1.6 Font defs for Latin Modern
))
(/usr/local/texlive/2013/texmf-dist/tex/generic/babel/babel.sty
Package: babel 2013/05/16 v3.9f The Babel package

(/usr/local/texlive/2013/texmf-dist/tex/latex/lithuanian/lithuanian.ldf
Language: lithuanian 2006/09/20 v0.5 Lithuanian support from the babel system

(/usr/local/texlive/2013/texmf-dist/tex/generic/babel/babel.def
File: babel.def 2013/05/16 v3.9f Babel common definitions
\babel@savecnt=\count93
\U@D=\dimen117
)))
(/usr/local/texlive/2013/texmf-dist/tex/latex/listings/listings.sty
(/usr/local/texlive/2013/texmf-dist/tex/latex/graphics/keyval.sty
Package: keyval 1999/03/16 v1.13 key=value parser (DPC)
\KV@toks@=\toks20
)
\lst@mode=\count94
\lst@gtempboxa=\box27
\lst@token=\toks21
\lst@length=\count95
\lst@currlwidth=\dimen118
\lst@column=\count96
\lst@pos=\count97
\lst@lostspace=\dimen119
\lst@width=\dimen120
\lst@newlines=\count98
\lst@lineno=\count99
\lst@maxwidth=\dimen121

(/usr/local/texlive/2013/texmf-dist/tex/latex/listings/lstmisc.sty
File: lstmisc.sty 2007/02/22 1.4 (Carsten Heinz)
\c@lstnumber=\count100
\lst@skipnumbers=\count101
\lst@framebox=\box28
)
(/usr/local/texlive/2013/texmf-dist/tex/latex/listings/listings.cfg
File: listings.cfg 2007/02/22 1.4 listings configuration
))
Package: listings 2007/02/22 1.4 (Carsten Heinz)

(/usr/local/texlive/2013/texmf-dist/tex/latex/graphics/graphicx.sty
Package: graphicx 1999/02/16 v1.0f Enhanced LaTeX Graphics (DPC,SPQR)

(/usr/local/texlive/2013/texmf-dist/tex/latex/graphics/graphics.sty
Package: graphics 2009/02/05 v1.0o Standard LaTeX Graphics (DPC,SPQR)

(/usr/local/texlive/2013/texmf-dist/tex/latex/graphics/trig.sty
Package: trig 1999/03/16 v1.09 sin cos tan (DPC)
)
(/usr/local/texlive/2013/texmf-dist/tex/latex/latexconfig/graphics.cfg
File: graphics.cfg 2010/04/23 v1.9 graphics configuration of TeX Live
)
Package graphics Info: Driver file: pdftex.def on input line 91.

(/usr/local/texlive/2013/texmf-dist/tex/latex/pdftex-def/pdftex.def
File: pdftex.def 2011/05/27 v0.06d Graphics/color for pdfTeX

(/usr/local/texlive/2013/texmf-dist/tex/generic/oberdiek/infwarerr.sty
Package: infwarerr 2010/04/08 v1.3 Providing info/warning/error messages (HO)
)
(/usr/local/texlive/2013/texmf-dist/tex/generic/oberdiek/ltxcmds.sty
Package: ltxcmds 2011/11/09 v1.22 LaTeX kernel commands for general use (HO)
)
\Gread@gobject=\count102
))
\Gin@req@height=\dimen122
\Gin@req@width=\dimen123
)
(/usr/local/texlive/2013/texmf-dist/tex/latex/oberdiek/epstopdf.sty
Package: epstopdf 2010/02/09 v2.5 Conversion with epstopdf on the fly (HO)

(/usr/local/texlive/2013/texmf-dist/tex/latex/oberdiek/epstopdf-base.sty
Package: epstopdf-base 2010/02/09 v2.5 Base part for package epstopdf

(/usr/local/texlive/2013/texmf-dist/tex/latex/oberdiek/grfext.sty
Package: grfext 2010/08/19 v1.1 Manage graphics extensions (HO)

(/usr/local/texlive/2013/texmf-dist/tex/generic/oberdiek/kvdefinekeys.sty
Package: kvdefinekeys 2011/04/07 v1.3 Define keys (HO)
))
(/usr/local/texlive/2013/texmf-dist/tex/latex/oberdiek/kvoptions.sty
Package: kvoptions 2011/06/30 v3.11 Key value format for package options (HO)

(/usr/local/texlive/2013/texmf-dist/tex/generic/oberdiek/kvsetkeys.sty
Package: kvsetkeys 2012/04/25 v1.16 Key value parser (HO)

(/usr/local/texlive/2013/texmf-dist/tex/generic/oberdiek/etexcmds.sty
Package: etexcmds 2011/02/16 v1.5 Avoid name clashes with e-TeX commands (HO)

(/usr/local/texlive/2013/texmf-dist/tex/generic/oberdiek/ifluatex.sty
Package: ifluatex 2010/03/01 v1.3 Provides the ifluatex switch (HO)
Package ifluatex Info: LuaTeX not detected.
)
Package etexcmds Info: Could not find \expanded.
(etexcmds)             That can mean that you are not using pdfTeX 1.50 or
(etexcmds)             that some package has redefined \expanded.
(etexcmds)             In the latter case, load this package earlier.
)))
(/usr/local/texlive/2013/texmf-dist/tex/generic/oberdiek/pdftexcmds.sty
Package: pdftexcmds 2011/11/29 v0.20 Utility functions of pdfTeX for LuaTeX (HO
)

(/usr/local/texlive/2013/texmf-dist/tex/generic/oberdiek/ifpdf.sty
Package: ifpdf 2011/01/30 v2.3 Provides the ifpdf switch (HO)
Package ifpdf Info: pdfTeX in PDF mode is detected.
)
Package pdftexcmds Info: LuaTeX not detected.
Package pdftexcmds Info: \pdf@primitive is available.
Package pdftexcmds Info: \pdf@ifprimitive is available.
Package pdftexcmds Info: \pdfdraftmode found.
)
Package grfext Info: Graphics extension search list:
(grfext)             [.png,.pdf,.jpg,.mps,.jpeg,.jbig2,.jb2,.PNG,.PDF,.JPG,.JPE
G,.JBIG2,.JB2,.eps]
(grfext)             \AppendGraphicsExtensions on input line 452.

(/usr/local/texlive/2013/texmf-dist/tex/latex/latexconfig/epstopdf-sys.cfg
File: epstopdf-sys.cfg 2010/07/13 v1.3 Configuration of (r)epstopdf for TeX Liv
e
)))
(/usr/local/texlive/2013/texmf-dist/tex/latex/listings/lstlang1.sty
File: lstlang1.sty 2004/09/05 1.3 listings language file
)
(./main.aux)
\openout1 = `main.aux'.

LaTeX Font Info:    Checking defaults for OML/cmm/m/it on input line 19.
LaTeX Font Info:    ... okay on input line 19.
LaTeX Font Info:    Checking defaults for T1/cmr/m/n on input line 19.
LaTeX Font Info:    ... okay on input line 19.
LaTeX Font Info:    Checking defaults for OT1/cmr/m/n on input line 19.
LaTeX Font Info:    ... okay on input line 19.
LaTeX Font Info:    Checking defaults for OMS/cmsy/m/n on input line 19.
LaTeX Font Info:    ... okay on input line 19.
LaTeX Font Info:    Checking defaults for OMX/cmex/m/n on input line 19.
LaTeX Font Info:    ... okay on input line 19.
LaTeX Font Info:    Checking defaults for U/cmr/m/n on input line 19.
LaTeX Font Info:    ... okay on input line 19.
LaTeX Font Info:    Checking defaults for L7x/lmr/m/n on input line 19.
LaTeX Font Info:    ... okay on input line 19.
LaTeX Font Info:    Failed loading font information for L7x+ptm. on input line 
19.
LaTeX Font Info:    Failed loading font information for L7x+ptm. on input line 
19.
LaTeX Font Info:    Failed loading font information for L7x+ptm. on input line 
19.
LaTeX Font Info:    Failed loading font information for L7x+ptm. on input line 
19.
LaTeX Font Info:    Failed loading font information for L7x+ptm. on input line 
19.
LaTeX Font Info:    Failed loading font information for L7x+ptm. on input line 
19.
LaTeX Font Info:    Failed loading font information for L7x+ptm. on input line 
19.
LaTeX Font Info:    Failed loading font information for L7x+ptm. on input line 
19.
LaTeX Font Info:    Failed loading font information for L7x+ptm. on input line 
19.
LaTeX Font Info:    Failed loading font information for L7x+ptm. on input line 
19.
LaTeX Font Info:    Failed loading font information for L7x+ptm. on input line 
19.
LaTeX Font Info:    Failed loading font information for L7x+ptm. on input line 
19.
LaTeX Font Info:    Failed loading font information for L7x+ptm. on input line 
19.
LaTeX Font Info:    Failed loading font information for L7x+ptm. on input line 
19.
LaTeX Font Info:    Failed loading font information for L7x+ptm. on input line 
19.
LaTeX Font Info:    Failed loading font information for L7x+ptm. on input line 
19.
LaTeX Font Info:    Failed loading font information for L7x+ptm. on input line 
19.
LaTeX Font Info:    Failed loading font information for L7x+ptm. on input line 
19.
LaTeX Font Info:    Failed loading font information for L7x+ptm. on input line 
19.
LaTeX Font Info:    Failed loading font information for L7x+ptm. on input line 
19.
LaTeX Font Info:    Failed loading font information for L7x+ptm. on input line 
19.
LaTeX Font Info:    Failed loading font information for L7x+ptm. on input line 
19.
 (/usr/local/texlive/2013/texmf-dist/tex/latex/ucs/ucsencs.def
File: ucsencs.def 2011/01/21 Fixes to fontencodings LGR, T3
)
\c@lstlisting=\count103

(/usr/local/texlive/2013/texmf-dist/tex/context/base/supp-pdf.mkii
[Loading MPS to PDF converter (version 2006.09.02).]
\scratchcounter=\count104
\scratchdimen=\dimen124
\scratchbox=\box29
\nofMPsegments=\count105
\nofMParguments=\count106
\everyMPshowfont=\toks22
\MPscratchCnt=\count107
\MPscratchDim=\dimen125
\MPnumerator=\count108
\makeMPintoPDFobject=\count109
\everyMPtoPDFconversion=\toks23
)
LaTeX Font Info:    Failed loading font information for L7x+ptm. on input line 
21.
 (/usr/local/texlive/2013/texmf-dist/tex/latex/ucs/data/uni-1.def
File: uni-1.def 2013/05/13 UCS: Unicode data U+0100..U+01FF
)
LaTeX Font Info:    Failed loading font information for L7x+ptm. on input line 
21.
LaTeX Font Info:    Failed loading font information for L7x+pcr. on input line 
21.
LaTeX Font Info:    Failed loading font information for L7x+ptm. on input line 
21.
LaTeX Font Info:    Failed loading font information for L7x+ptm. on input line 
21.
LaTeX Font Info:    Failed loading font information for L7x+pcr. on input line 
21.
LaTeX Font Info:    Failed loading font information for L7x+ptm. on input line 
23.
LaTeX Font Info:    External font `cmex10' loaded for size
(Font)              <7> on input line 32.
LaTeX Font Info:    External font `cmex10' loaded for size
(Font)              <5> on input line 32.
LaTeX Font Info:    Failed loading font information for L7x+ptm. on input line 
32.
LaTeX Font Info:    Failed loading font information for L7x+ptm. on input line 
33.
LaTeX Font Info:    Failed loading font information for L7x+ptm. on input line 
34.
LaTeX Font Info:    Failed loading font information for L7x+ptm. on input line 
35.
LaTeX Font Info:    Failed loading font information for L7x+ptm. on input line 
36.
LaTeX Font Info:    Failed loading font information for L7x+ptm. on input line 
39.
LaTeX Font Info:    Failed loading font information for L7x+ptm. on input line 
49.
LaTeX Font Info:    Failed loading font information for L7x+ptm. on input line 
57.
LaTeX Font Info:    Failed loading font information for L7x+ptm. on input line 
61.
LaTeX Font Info:    Failed loading font information for L7x+ptm. on input line 
64.
LaTeX Font Info:    Failed loading font information for L7x+ptm. on input line 
65.
 [1{/usr/local/texlive/2013/texmf-var/fonts/map/pdftex/updmap/pdftex.map}


]
LaTeX Font Info:    Failed loading font information for L7x+ptm. on input line 
65.
LaTeX Font Info:    Failed loading font information for L7x+ptm. on input line 
66.
LaTeX Font Info:    Failed loading font information for L7x+ptm. on input line 
67.
LaTeX Font Info:    Failed loading font information for L7x+ptm. on input line 
68.
LaTeX Font Info:    Failed loading font information for L7x+ptm. on input line 
69.
LaTeX Font Info:    Failed loading font information for L7x+ptm. on input line 
70.
LaTeX Font Info:    Failed loading font information for L7x+ptm. on input line 
71.
LaTeX Font Info:    Failed loading font information for L7x+ptm. on input line 
72.
LaTeX Font Info:    Failed loading font information for L7x+ptm. on input line 
75.
LaTeX Font Info:    Failed loading font information for L7x+ptm. on input line 
78.
LaTeX Font Info:    Failed loading font information for L7x+ptm. on input line 
79.
LaTeX Font Info:    Failed loading font information for L7x+ptm. on input line 
80.
LaTeX Font Info:    Failed loading font information for L7x+ptm. on input line 
81.
LaTeX Font Info:    Failed loading font information for L7x+ptm. on input line 
82.
LaTeX Font Info:    Failed loading font information for L7x+ptm. on input line 
83.
LaTeX Font Info:    Failed loading font information for L7x+ptm. on input line 
84.
LaTeX Font Info:    Failed loading font information for L7x+ptm. on input line 
85.
LaTeX Font Info:    Failed loading font information for L7x+ptm. on input line 
86.
LaTeX Font Info:    Failed loading font information for L7x+ptm. on input line 
89.
LaTeX Font Info:    Failed loading font information for L7x+ptm. on input line 
92.
LaTeX Font Info:    Failed loading font information for L7x+ptm. on input line 
93.
LaTeX Font Info:    Failed loading font information for L7x+ptm. on input line 
94.
LaTeX Font Info:    Failed loading font information for L7x+ptm. on input line 
95.
LaTeX Font Info:    Failed loading font information for L7x+ptm. on input line 
96.
LaTeX Font Info:    Failed loading font information for L7x+ptm. on input line 
97.
LaTeX Font Info:    Failed loading font information for L7x+ptm. on input line 
98.
LaTeX Font Info:    Failed loading font information for L7x+ptm. on input line 
99.
LaTeX Font Info:    Failed loading font information for L7x+ptm. on input line 
100.
LaTeX Font Info:    Failed loading font information for L7x+ptm. on input line 
101.
LaTeX Font Info:    Failed loading font information for L7x+ptm. on input line 
102.
LaTeX Font Info:    Failed loading font information for L7x+ptm. on input line 
103.
LaTeX Font Info:    Failed loading font information for L7x+ptm. on input line 
104.
LaTeX Font Info:    Failed loading font information for L7x+ptm. on input line 
105.
LaTeX Font Info:    Failed loading font information for L7x+ptm. on input line 
106.
LaTeX Font Info:    Failed loading font information for L7x+ptm. on input line 
109.
LaTeX Font Info:    Failed loading font information for L7x+ptm. on input line 
112.
LaTeX Font Info:    Failed loading font information for L7x+ptm. on input line 
113.
LaTeX Font Info:    Failed loading font information for L7x+ptm. on input line 
114.
LaTeX Font Info:    Failed loading font information for L7x+ptm. on input line 
115.
LaTeX Font Info:    Failed loading font information for L7x+ptm. on input line 
116.
 [2]
LaTeX Font Info:    Failed loading font information for L7x+ptm. on input line 
116.
LaTeX Font Info:    Failed loading font information for L7x+ptm. on input line 
117.
LaTeX Font Info:    Failed loading font information for L7x+ptm. on input line 
118.
LaTeX Font Info:    Failed loading font information for L7x+ptm. on input line 
119.
LaTeX Font Info:    Failed loading font information for L7x+ptm. on input line 
120.
LaTeX Font Info:    Failed loading font information for L7x+ptm. on input line 
121.
LaTeX Font Info:    Failed loading font information for L7x+ptm. on input line 
122.
LaTeX Font Info:    Failed loading font information for L7x+ptm. on input line 
123.
LaTeX Font Info:    Failed loading font information for L7x+ptm. on input line 
124.
LaTeX Font Info:    Failed loading font information for L7x+ptm. on input line 
125.
LaTeX Font Info:    Failed loading font information for L7x+ptm. on input line 
128.
LaTeX Font Info:    Failed loading font information for L7x+ptm. on input line 
130.
LaTeX Font Info:    Failed loading font information for L7x+ptm. on input line 
136.
LaTeX Font Info:    Failed loading font information for L7x+ptm. on input line 
137.
LaTeX Font Info:    Failed loading font information for L7x+ptm. on input line 
145.
LaTeX Font Info:    Failed loading font information for L7x+ptm. on input line 
146.
LaTeX Font Info:    Failed loading font information for L7x+ptm. on input line 
147.
LaTeX Font Info:    Failed loading font information for L7x+ptm. on input line 
148.
LaTeX Font Info:    Failed loading font information for L7x+ptm. on input line 
149.
LaTeX Font Info:    Failed loading font information for L7x+ptm. on input line 
155.
LaTeX Font Info:    Failed loading font information for L7x+ptm. on input line 
159.
LaTeX Font Info:    Failed loading font information for L7x+ptm. on input line 
164.
LaTeX Font Info:    Failed loading font information for L7x+ptm. on input line 
165.
LaTeX Font Info:    Failed loading font information for L7x+ptm. on input line 
166.
LaTeX Font Info:    Failed loading font information for L7x+ptm. on input line 
167.
LaTeX Font Info:    Failed loading font information for L7x+ptm. on input line 
168.
LaTeX Font Info:    Failed loading font information for L7x+ptm. on input line 
169.
LaTeX Font Info:    Failed loading font information for L7x+ptm. on input line 
170.
LaTeX Font Info:    Failed loading font information for L7x+ptm. on input line 
171.
LaTeX Font Info:    Failed loading font information for L7x+ptm. on input line 
176.
LaTeX Font Info:    Failed loading font information for L7x+ptm. on input line 
181.
LaTeX Font Info:    Failed loading font information for L7x+ptm. on input line 
182.
LaTeX Font Info:    Failed loading font information for L7x+ptm. on input line 
185.
Package epstopdf Info: Source file: <diagrams/creational_pattern_class.eps>
(epstopdf)                    date: 2013-12-08 18:14:40
(epstopdf)                    size: 17936 bytes
(epstopdf)             Output file: <diagrams/creational_pattern_class-eps-conv
erted-to.pdf>
(epstopdf)                    date: 2013-12-08 18:29:03
(epstopdf)                    size: 8736 bytes
(epstopdf)             Command: <repstopdf --outfile=diagrams/creational_patter
n_class-eps-converted-to.pdf diagrams/creational_pattern_class.eps>
(epstopdf)             \includegraphics on input line 187.
Package epstopdf Info: Output file is already uptodate.

<diagrams/creational_pattern_class-eps-converted-to.pdf, id=16, 228.855pt x 236
.885pt>
File: diagrams/creational_pattern_class-eps-converted-to.pdf Graphic file (type
 pdf)
 <use diagrams/creational_pattern_class-eps-converted-to.pdf>
Package pdftex.def Info: diagrams/creational_pattern_class-eps-converted-to.pdf
 used on input line 187.
(pdftex.def)             Requested size: 160.60059pt x 166.24126pt.
LaTeX Font Info:    Failed loading font information for L7x+ptm. on input line 
188.
LaTeX Font Info:    Failed loading font information for L7x+ptm. on input line 
188.
LaTeX Font Info:    Failed loading font information for L7x+ptm. on input line 
192.
LaTeX Font Info:    Failed loading font information for L7x+ptm. on input line 
195.
 [3 <./diagrams/creational_pattern_class-eps-converted-to.pdf>]
LaTeX Font Info:    Failed loading font information for L7x+ptm. on input line 
198.
LaTeX Font Info:    Failed loading font information for L7x+ptm. on input line 
202.
LaTeX Font Info:    Failed loading font information for L7x+ptm. on input line 
208.
LaTeX Font Info:    Failed loading font information for L7x+ptm. on input line 
210.
Package epstopdf Info: Source file: <diagrams/abstract_factory_pattern.eps>
(epstopdf)                    date: 2013-12-08 21:11:42
(epstopdf)                    size: 21230 bytes
(epstopdf)             Output file: <diagrams/abstract_factory_pattern-eps-conv
erted-to.pdf>
(epstopdf)                    date: 2013-12-08 21:28:15
(epstopdf)                    size: 10687 bytes
(epstopdf)             Command: <repstopdf --outfile=diagrams/abstract_factory_
pattern-eps-converted-to.pdf diagrams/abstract_factory_pattern.eps>
(epstopdf)             \includegraphics on input line 212.
Package epstopdf Info: Output file is already uptodate.

<diagrams/abstract_factory_pattern-eps-converted-to.pdf, id=23, 664.4825pt x 29
5.1025pt>
File: diagrams/abstract_factory_pattern-eps-converted-to.pdf Graphic file (type
 pdf)
 <use diagrams/abstract_factory_pattern-eps-converted-to.pdf>
Package pdftex.def Info: diagrams/abstract_factory_pattern-eps-converted-to.pdf
 used on input line 212.
(pdftex.def)             Requested size: 160.60059pt x 71.32135pt.
LaTeX Font Info:    Failed loading font information for L7x+ptm. on input line 
213.
LaTeX Font Info:    Failed loading font information for L7x+ptm. on input line 
213.
LaTeX Font Info:    Failed loading font information for L7x+ptm. on input line 
217.
LaTeX Font Info:    Failed loading font information for L7x+ptm. on input line 
223.
LaTeX Font Info:    Failed loading font information for L7x+ptm. on input line 
227.
LaTeX Font Info:    Failed loading font information for L7x+ptm. on input line 
231.
LaTeX Font Info:    Failed loading font information for L7x+ptm. on input line 
233.
Package epstopdf Info: Source file: <diagrams/builder_pattern.eps>
(epstopdf)                    date: 2013-12-08 21:24:56
(epstopdf)                    size: 66963 bytes
(epstopdf)             Output file: <diagrams/builder_pattern-eps-converted-to.
pdf>
(epstopdf)                    date: 2013-12-08 21:28:16
(epstopdf)                    size: 29528 bytes
(epstopdf)             Command: <repstopdf --outfile=diagrams/builder_pattern-e
ps-converted-to.pdf diagrams/builder_pattern.eps>
(epstopdf)             \includegraphics on input line 235.
Package epstopdf Info: Output file is already uptodate.

<diagrams/builder_pattern-eps-converted-to.pdf, id=24, 247.92625pt x 606.265pt>
File: diagrams/builder_pattern-eps-converted-to.pdf Graphic file (type pdf)
<use diagrams/builder_pattern-eps-converted-to.pdf>
Package pdftex.def Info: diagrams/builder_pattern-eps-converted-to.pdf used on 
input line 235.
(pdftex.def)             Requested size: 160.60059pt x 392.72621pt.
LaTeX Font Info:    Failed loading font information for L7x+ptm. on input line 
236.
LaTeX Font Info:    Failed loading font information for L7x+ptm. on input line 
236.
LaTeX Font Info:    Failed loading font information for L7x+ptm. on input line 
240.
LaTeX Font Info:    Failed loading font information for L7x+ptm. on input line 
244.
LaTeX Font Info:    Failed loading font information for L7x+ptm. on input line 
246.
LaTeX Font Info:    Failed loading font information for L7x+ptm. on input line 
248.
LaTeX Font Info:    Failed loading font information for L7x+ptm. on input line 
248.
LaTeX Font Info:    Failed loading font information for L7x+ptm. on input line 
252.
LaTeX Font Info:    Failed loading font information for L7x+ptm. on input line 
254.
LaTeX Font Info:    Failed loading font information for L7x+ptm. on input line 
256.
LaTeX Font Info:    Failed loading font information for L7x+ptm. on input line 
256.
LaTeX Font Info:    Failed loading font information for L7x+ptm. on input line 
260.
LaTeX Font Info:    Failed loading font information for L7x+ptm. on input line 
262.
LaTeX Font Info:    Failed loading font information for L7x+ptm. on input line 
264.
LaTeX Font Info:    Failed loading font information for L7x+ptm. on input line 
264.
LaTeX Font Info:    Failed loading font information for L7x+ptm. on input line 
268.
LaTeX Font Info:    Failed loading font information for L7x+ptm. on input line 
270.
LaTeX Font Info:    Failed loading font information for L7x+ptm. on input line 
272.
LaTeX Font Info:    Failed loading font information for L7x+ptm. on input line 
272.
LaTeX Font Info:    Failed loading font information for L7x+ptm. on input line 
276.
LaTeX Font Info:    Failed loading font information for L7x+ptm. on input line 
278.
LaTeX Font Info:    Failed loading font information for L7x+ptm. on input line 
280.
LaTeX Font Info:    Failed loading font information for L7x+ptm. on input line 
280.
LaTeX Font Info:    Failed loading font information for L7x+ptm. on input line 
284.
LaTeX Font Info:    Failed loading font information for L7x+ptm. on input line 
284.
 [4 <./diagrams/abstract_factory_pattern-eps-converted-to.pdf> <./diagrams/buil
der_pattern-eps-converted-to.pdf>]
LaTeX Font Info:    Failed loading font information for L7x+ptm. on input line 
286.
LaTeX Font Info:    Failed loading font information for L7x+ptm. on input line 
288.
LaTeX Font Info:    Failed loading font information for L7x+ptm. on input line 
288.
LaTeX Font Info:    Failed loading font information for L7x+ptm. on input line 
290.
LaTeX Font Info:    Failed loading font information for L7x+ptm. on input line 
294.
LaTeX Font Info:    Failed loading font information for L7x+ptm. on input line 
296.
LaTeX Font Info:    Failed loading font information for L7x+ptm. on input line 
298.
LaTeX Font Info:    Failed loading font information for L7x+ptm. on input line 
298.
LaTeX Font Info:    Failed loading font information for L7x+ptm. on input line 
302.
LaTeX Font Info:    Failed loading font information for L7x+ptm. on input line 
304.
LaTeX Font Info:    Failed loading font information for L7x+ptm. on input line 
306.
LaTeX Font Info:    Failed loading font information for L7x+ptm. on input line 
306.
LaTeX Font Info:    Failed loading font information for L7x+ptm. on input line 
310.
LaTeX Font Info:    Failed loading font information for L7x+ptm. on input line 
312.
LaTeX Font Info:    Failed loading font information for L7x+ptm. on input line 
314.
LaTeX Font Info:    Failed loading font information for L7x+ptm. on input line 
314.
LaTeX Font Info:    Failed loading font information for L7x+ptm. on input line 
318.
LaTeX Font Info:    Failed loading font information for L7x+ptm. on input line 
320.
LaTeX Font Info:    Failed loading font information for L7x+ptm. on input line 
322.
LaTeX Font Info:    Failed loading font information for L7x+ptm. on input line 
322.
LaTeX Font Info:    Failed loading font information for L7x+ptm. on input line 
326.
LaTeX Font Info:    Failed loading font information for L7x+ptm. on input line 
328.
LaTeX Font Info:    Failed loading font information for L7x+ptm. on input line 
330.
LaTeX Font Info:    Failed loading font information for L7x+ptm. on input line 
330.
LaTeX Font Info:    Failed loading font information for L7x+ptm. on input line 
334.
LaTeX Font Info:    Failed loading font information for L7x+ptm. on input line 
336.
LaTeX Font Info:    Failed loading font information for L7x+ptm. on input line 
338.
LaTeX Font Info:    Failed loading font information for L7x+ptm. on input line 
338.
LaTeX Font Info:    Failed loading font information for L7x+ptm. on input line 
342.
LaTeX Font Info:    Failed loading font information for L7x+ptm. on input line 
344.
LaTeX Font Info:    Failed loading font information for L7x+ptm. on input line 
346.
LaTeX Font Info:    Failed loading font information for L7x+ptm. on input line 
346.
LaTeX Font Info:    Failed loading font information for L7x+ptm. on input line 
350.
LaTeX Font Info:    Failed loading font information for L7x+ptm. on input line 
352.
LaTeX Font Info:    Failed loading font information for L7x+ptm. on input line 
354.
LaTeX Font Info:    Failed loading font information for L7x+ptm. on input line 
354.
LaTeX Font Info:    Failed loading font information for L7x+ptm. on input line 
356.
LaTeX Font Info:    Failed loading font information for L7x+ptm. on input line 
360.
LaTeX Font Info:    Failed loading font information for L7x+ptm. on input line 
362.
LaTeX Font Info:    Failed loading font information for L7x+ptm. on input line 
364.
LaTeX Font Info:    Failed loading font information for L7x+ptm. on input line 
364.
LaTeX Font Info:    Failed loading font information for L7x+ptm. on input line 
368.
LaTeX Font Info:    Failed loading font information for L7x+ptm. on input line 
370.
LaTeX Font Info:    Failed loading font information for L7x+ptm. on input line 
372.
LaTeX Font Info:    Failed loading font information for L7x+ptm. on input line 
372.
LaTeX Font Info:    Failed loading font information for L7x+ptm. on input line 
376.
LaTeX Font Info:    Failed loading font information for L7x+ptm. on input line 
378.
LaTeX Font Info:    Failed loading font information for L7x+ptm. on input line 
380.
LaTeX Font Info:    Failed loading font information for L7x+ptm. on input line 
380.
LaTeX Font Info:    Failed loading font information for L7x+ptm. on input line 
384.
LaTeX Font Info:    Failed loading font information for L7x+ptm. on input line 
386.
LaTeX Font Info:    Failed loading font information for L7x+ptm. on input line 
388.
LaTeX Font Info:    Failed loading font information for L7x+ptm. on input line 
388.
LaTeX Font Info:    Failed loading font information for L7x+ptm. on input line 
392.
LaTeX Font Info:    Failed loading font information for L7x+ptm. on input line 
394.
LaTeX Font Info:    Failed loading font information for L7x+ptm. on input line 
396.
LaTeX Font Info:    Failed loading font information for L7x+ptm. on input line 
396.
LaTeX Font Info:    Failed loading font information for L7x+ptm. on input line 
400.
LaTeX Font Info:    Failed loading font information for L7x+ptm. on input line 
402.
LaTeX Font Info:    Failed loading font information for L7x+ptm. on input line 
404.
LaTeX Font Info:    Failed loading font information for L7x+ptm. on input line 
404.
LaTeX Font Info:    Failed loading font information for L7x+ptm. on input line 
408.
LaTeX Font Info:    Failed loading font information for L7x+ptm. on input line 
410.
LaTeX Font Info:    Failed loading font information for L7x+ptm. on input line 
412.
LaTeX Font Info:    Failed loading font information for L7x+ptm. on input line 
412.
LaTeX Font Info:    Failed loading font information for L7x+ptm. on input line 
416.
LaTeX Font Info:    Failed loading font information for L7x+ptm. on input line 
418.
LaTeX Font Info:    Failed loading font information for L7x+ptm. on input line 
420.
LaTeX Font Info:    Failed loading font information for L7x+ptm. on input line 
420.
LaTeX Font Info:    Failed loading font information for L7x+ptm. on input line 
424.
LaTeX Font Info:    Failed loading font information for L7x+ptm. on input line 
426.
LaTeX Font Info:    Failed loading font information for L7x+ptm. on input line 
429.
LaTeX Font Info:    Failed loading font information for L7x+ptm. on input line 
429.
LaTeX Font Info:    Failed loading font information for L7x+ptm. on input line 
433.
LaTeX Font Info:    Failed loading font information for L7x+ptm. on input line 
435.
LaTeX Font Info:    Failed loading font information for L7x+ptm. on input line 
438.
LaTeX Font Info:    Failed loading font information for L7x+ptm. on input line 
438.
LaTeX Font Info:    Failed loading font information for L7x+ptm. on input line 
442.
LaTeX Font Info:    Failed loading font information for L7x+ptm. on input line 
444.
LaTeX Font Info:    Failed loading font information for L7x+ptm. on input line 
446.
LaTeX Font Info:    Failed loading font information for L7x+ptm. on input line 
446.
LaTeX Font Info:    Failed loading font information for L7x+ptm. on input line 
450.
LaTeX Font Info:    Failed loading font information for L7x+ptm. on input line 
452.
LaTeX Font Info:    Failed loading font information for L7x+ptm. on input line 
455.
LaTeX Font Info:    Failed loading font information for L7x+ptm. on input line 
455.
LaTeX Font Info:    Failed loading font information for L7x+ptm. on input line 
459.
LaTeX Font Info:    Failed loading font information for L7x+ptm. on input line 
461.
LaTeX Font Info:    Failed loading font information for L7x+ptm. on input line 
464.
LaTeX Font Info:    Failed loading font information for L7x+ptm. on input line 
464.
LaTeX Font Info:    Failed loading font information for L7x+ptm. on input line 
468.
LaTeX Font Info:    Failed loading font information for L7x+ptm. on input line 
468.
 [5]
LaTeX Font Info:    Failed loading font information for L7x+ptm. on input line 
470.
LaTeX Font Info:    Failed loading font information for L7x+ptm. on input line 
473.
LaTeX Font Info:    Failed loading font information for L7x+ptm. on input line 
473.
LaTeX Font Info:    Failed loading font information for L7x+ptm. on input line 
477.
LaTeX Font Info:    Failed loading font information for L7x+ptm. on input line 
479.
LaTeX Font Info:    Failed loading font information for L7x+ptm. on input line 
481.
LaTeX Font Info:    Failed loading font information for L7x+ptm. on input line 
481.
LaTeX Font Info:    Failed loading font information for L7x+ptm. on input line 
485.
LaTeX Font Info:    Failed loading font information for L7x+ptm. on input line 
487.
LaTeX Font Info:    Failed loading font information for L7x+ptm. on input line 
489.
LaTeX Font Info:    Failed loading font information for L7x+ptm. on input line 
489.
LaTeX Font Info:    Failed loading font information for L7x+ptm. on input line 
491.
LaTeX Font Info:    Failed loading font information for L7x+ptm. on input line 
495.
LaTeX Font Info:    Failed loading font information for L7x+ptm. on input line 
497.
LaTeX Font Info:    Failed loading font information for L7x+ptm. on input line 
499.
LaTeX Font Info:    Failed loading font information for L7x+ptm. on input line 
499.
LaTeX Font Info:    Failed loading font information for L7x+ptm. on input line 
503.
LaTeX Font Info:    Failed loading font information for L7x+ptm. on input line 
505.
LaTeX Font Info:    Failed loading font information for L7x+ptm. on input line 
507.
LaTeX Font Info:    Failed loading font information for L7x+ptm. on input line 
507.
LaTeX Font Info:    Failed loading font information for L7x+ptm. on input line 
511.
LaTeX Font Info:    Failed loading font information for L7x+ptm. on input line 
513.
LaTeX Font Info:    Failed loading font information for L7x+ptm. on input line 
515.
LaTeX Font Info:    Failed loading font information for L7x+ptm. on input line 
515.
LaTeX Font Info:    Failed loading font information for L7x+ptm. on input line 
519.
LaTeX Font Info:    Failed loading font information for L7x+ptm. on input line 
521.
LaTeX Font Info:    Failed loading font information for L7x+ptm. on input line 
523.
LaTeX Font Info:    Failed loading font information for L7x+ptm. on input line 
523.
LaTeX Font Info:    Failed loading font information for L7x+ptm. on input line 
527.
LaTeX Font Info:    Failed loading font information for L7x+ptm. on input line 
529.
LaTeX Font Info:    Failed loading font information for L7x+ptm. on input line 
531.
LaTeX Font Info:    Failed loading font information for L7x+ptm. on input line 
531.
LaTeX Font Info:    Failed loading font information for L7x+ptm. on input line 
535.
LaTeX Font Info:    Failed loading font information for L7x+ptm. on input line 
537.
LaTeX Font Info:    Failed loading font information for L7x+ptm. on input line 
539.
LaTeX Font Info:    Failed loading font information for L7x+ptm. on input line 
539.
LaTeX Font Info:    Failed loading font information for L7x+ptm. on input line 
543.
LaTeX Font Info:    Failed loading font information for L7x+ptm. on input line 
545.
LaTeX Font Info:    Failed loading font information for L7x+ptm. on input line 
547.
LaTeX Font Info:    Failed loading font information for L7x+ptm. on input line 
547.
LaTeX Font Info:    Failed loading font information for L7x+ptm. on input line 
551.
LaTeX Font Info:    Failed loading font information for L7x+ptm. on input line 
553.
LaTeX Font Info:    Failed loading font information for L7x+ptm. on input line 
555.
LaTeX Font Info:    Failed loading font information for L7x+ptm. on input line 
555.
LaTeX Font Info:    Failed loading font information for L7x+ptm. on input line 
559.
LaTeX Font Info:    Failed loading font information for L7x+ptm. on input line 
561.
LaTeX Font Info:    Failed loading font information for L7x+ptm. on input line 
563.
LaTeX Font Info:    Failed loading font information for L7x+ptm. on input line 
563.
LaTeX Font Info:    Failed loading font information for L7x+ptm. on input line 
567.
LaTeX Font Info:    Failed loading font information for L7x+ptm. on input line 
569.
LaTeX Font Info:    Failed loading font information for L7x+ptm. on input line 
571.
LaTeX Font Info:    Failed loading font information for L7x+ptm. on input line 
571.
LaTeX Font Info:    Failed loading font information for L7x+ptm. on input line 
575.
LaTeX Font Info:    Failed loading font information for L7x+ptm. on input line 
577.
LaTeX Font Info:    Failed loading font information for L7x+ptm. on input line 
579.
LaTeX Font Info:    Failed loading font information for L7x+ptm. on input line 
579.
LaTeX Font Info:    Failed loading font information for L7x+ptm. on input line 
583.
LaTeX Font Info:    Failed loading font information for L7x+ptm. on input line 
585.
LaTeX Font Info:    Failed loading font information for L7x+ptm. on input line 
587.
LaTeX Font Info:    Failed loading font information for L7x+ptm. on input line 
587.
 [6] (./main.aux) ) 
Here is how much of TeX's memory you used:
 5258 strings out of 493315
 76500 string characters out of 6137903
 174553 words of memory out of 5000000
 8640 multiletter control sequences out of 15000+600000
 106491 words of font info for 95 fonts, out of 8000000 for 9000
 957 hyphenation exceptions out of 8191
 42i,6n,40p,819b,591s stack positions out of 5000i,500n,10000p,200000b,80000s
{/usr/local/texlive/2013/texmf-dist/fonts/enc/dvips/lm/lm-l7
x.enc}</usr/local/texlive/2013/texmf-dist/fonts/type1/public/amsfonts/cm/cmsy7.
pfb></usr/local/texlive/2013/texmf-dist/fonts/type1/public/lm/lmcsc10.pfb></usr
/local/texlive/2013/texmf-dist/fonts/type1/public/lm/lmr10.pfb></usr/local/texl
ive/2013/texmf-dist/fonts/type1/public/lm/lmr12.pfb></usr/local/texlive/2013/te
xmf-dist/fonts/type1/public/lm/lmr17.pfb></usr/local/texlive/2013/texmf-dist/fo
nts/type1/public/lm/lmr7.pfb></usr/local/texlive/2013/texmf-dist/fonts/type1/pu
blic/lm/lmr8.pfb></usr/local/texlive/2013/texmf-dist/fonts/type1/public/lm/lmri
10.pfb>
Output written on main.pdf (6 pages, 246402 bytes).
PDF statistics:
 65 PDF objects out of 1000 (max. 8388607)
 45 compressed objects within 1 object stream
 0 named destinations out of 1000 (max. 500000)
 16 words of extra memory for PDF output out of 10000 (max. 10000000)

