This is pdfTeX, Version 3.1415926-1.40.10 (TeX Live 2009/Debian) (format=pdflatex 2013.11.2)  17 NOV 2013 16:00
entering extended mode
 %&-line parsing enabled.
**main.tex
(./main.tex
LaTeX2e <2009/09/24>
Babel <v3.8l> and hyphenation patterns for english, usenglishmax, dumylang, noh
yphenation, farsi, arabic, croatian, bulgarian, ukrainian, russian, czech, slov
ak, danish, dutch, finnish, french, basque, ngerman, german, german-x-2009-06-1
9, ngerman-x-2009-06-19, ibycus, monogreek, greek, ancientgreek, hungarian, san
skrit, italian, latin, latvian, lithuanian, mongolian2a, mongolian, bokmal, nyn
orsk, romanian, irish, coptic, serbian, turkish, welsh, esperanto, uppersorbian
, estonian, indonesian, interlingua, icelandic, kurmanji, slovenian, polish, po
rtuguese, spanish, galician, catalan, swedish, ukenglish, pinyin, loaded.
(/usr/share/texmf-texlive/tex/latex/IEEEtran/IEEEtran.cls
Document Class: IEEEtran 2007/03/05 V1.7a by Michael Shell
-- See the "IEEEtran_HOWTO" manual for usage information.
-- http://www.michaelshell.org/tex/ieeetran/
\@IEEEtrantmpdimenA=\dimen102
\@IEEEtrantmpdimenB=\dimen103
\@IEEEtrantmpcountA=\count79
\@IEEEtrantmpcountB=\count80
\@IEEEtrantmptoksA=\toks14
LaTeX Font Info:    Try loading font information for OT1+ptm on input line 366.

(/usr/share/texmf-texlive/tex/latex/psnfss/ot1ptm.fd
File: ot1ptm.fd 2001/06/04 font definitions for OT1/ptm.
)
-- Using 8.5in x 11in (letter) paper.
-- Using PDF output.
\@IEEEnormalsizeunitybaselineskip=\dimen104
-- This is a 10 point document.
\CLASSINFOnormalsizebaselineskip=\dimen105
\CLASSINFOnormalsizeunitybaselineskip=\dimen106
\IEEEnormaljot=\dimen107
LaTeX Font Info:    Font shape `OT1/ptm/bx/n' in size <5> not available
(Font)              Font shape `OT1/ptm/b/n' tried instead on input line 724.
LaTeX Font Info:    Font shape `OT1/ptm/bx/it' in size <5> not available
(Font)              Font shape `OT1/ptm/b/it' tried instead on input line 724.
LaTeX Font Info:    Font shape `OT1/ptm/bx/n' in size <7> not available
(Font)              Font shape `OT1/ptm/b/n' tried instead on input line 724.
LaTeX Font Info:    Font shape `OT1/ptm/bx/it' in size <7> not available
(Font)              Font shape `OT1/ptm/b/it' tried instead on input line 724.
LaTeX Font Info:    Font shape `OT1/ptm/bx/n' in size <8> not available
(Font)              Font shape `OT1/ptm/b/n' tried instead on input line 724.
LaTeX Font Info:    Font shape `OT1/ptm/bx/it' in size <8> not available
(Font)              Font shape `OT1/ptm/b/it' tried instead on input line 724.
LaTeX Font Info:    Font shape `OT1/ptm/bx/n' in size <9> not available
(Font)              Font shape `OT1/ptm/b/n' tried instead on input line 724.
LaTeX Font Info:    Font shape `OT1/ptm/bx/it' in size <9> not available
(Font)              Font shape `OT1/ptm/b/it' tried instead on input line 724.
LaTeX Font Info:    Font shape `OT1/ptm/bx/n' in size <10> not available
(Font)              Font shape `OT1/ptm/b/n' tried instead on input line 724.
LaTeX Font Info:    Font shape `OT1/ptm/bx/it' in size <10> not available
(Font)              Font shape `OT1/ptm/b/it' tried instead on input line 724.
LaTeX Font Info:    Font shape `OT1/ptm/bx/n' in size <11> not available
(Font)              Font shape `OT1/ptm/b/n' tried instead on input line 724.
LaTeX Font Info:    Font shape `OT1/ptm/bx/it' in size <11> not available
(Font)              Font shape `OT1/ptm/b/it' tried instead on input line 724.
LaTeX Font Info:    Font shape `OT1/ptm/bx/n' in size <12> not available
(Font)              Font shape `OT1/ptm/b/n' tried instead on input line 724.
LaTeX Font Info:    Font shape `OT1/ptm/bx/it' in size <12> not available
(Font)              Font shape `OT1/ptm/b/it' tried instead on input line 724.
LaTeX Font Info:    Font shape `OT1/ptm/bx/n' in size <17> not available
(Font)              Font shape `OT1/ptm/b/n' tried instead on input line 724.
LaTeX Font Info:    Font shape `OT1/ptm/bx/it' in size <17> not available
(Font)              Font shape `OT1/ptm/b/it' tried instead on input line 724.
LaTeX Font Info:    Font shape `OT1/ptm/bx/n' in size <20> not available
(Font)              Font shape `OT1/ptm/b/n' tried instead on input line 724.
LaTeX Font Info:    Font shape `OT1/ptm/bx/it' in size <20> not available
(Font)              Font shape `OT1/ptm/b/it' tried instead on input line 724.
LaTeX Font Info:    Font shape `OT1/ptm/bx/n' in size <24> not available
(Font)              Font shape `OT1/ptm/b/n' tried instead on input line 724.
LaTeX Font Info:    Font shape `OT1/ptm/bx/it' in size <24> not available
(Font)              Font shape `OT1/ptm/b/it' tried instead on input line 724.
\IEEEilabelindentA=\dimen108
\IEEEilabelindentB=\dimen109
\IEEEilabelindent=\dimen110
\IEEEelabelindent=\dimen111
\IEEEdlabelindent=\dimen112
\IEEElabelindent=\dimen113
\IEEEiednormlabelsep=\dimen114
\IEEEiedmathlabelsep=\dimen115
\IEEEiedtopsep=\skip41
\c@section=\count81
\c@subsection=\count82
\c@subsubsection=\count83
\c@paragraph=\count84
\c@IEEEsubequation=\count85
\abovecaptionskip=\skip42
\belowcaptionskip=\skip43
\c@figure=\count86
\c@table=\count87
\@IEEEeqnnumcols=\count88
\@IEEEeqncolcnt=\count89
\@IEEEtmpitemindent=\dimen116
\c@IEEEbiography=\count90
\@IEEEtranrubishbin=\box26
) (/usr/share/texmf-texlive/tex/latex/base/inputenc.sty
Package: inputenc 2008/03/30 v1.1d Input encoding file
\inpenc@prehook=\toks15
\inpenc@posthook=\toks16

(/usr/share/texmf-texlive/tex/latex/ucs/utf8x.def
File: utf8x.def 2004/10/17 UCS: Input encoding UTF-8
))
(/usr/share/texmf-texlive/tex/latex/ucs/ucs.sty
Package: ucs 2004/10/17 UCS: Unicode input support

(/usr/share/texmf-texlive/tex/latex/ucs/data/uni-global.def
File: uni-global.def 2004/10/17 UCS: Unicode global data
)
\uc@secondtry=\count91
\uc@combtoks=\toks17
\uc@combtoksb=\toks18
\uc@temptokena=\toks19
)
(/usr/share/texmf-texlive/tex/latex/base/fontenc.sty
Package: fontenc 2005/09/27 v1.99g Standard LaTeX package

(/usr/share/texmf-texlive/tex/latex/lithuanian/l7xenc.def
File: l7xenc.def 2008/10/14 v1.96 LaTeX-LT file
LaTeX Info: Redefining \selectfont on input line 30.
)
LaTeX Font Info:    Failed loading font information for L7x+ptm. on input line 
100.
LaTeX Font Info:    Try loading font information for L7x+lmr on input line 100.


(/usr/share/texmf/tex/latex/lm/l7xlmr.fd
File: l7xlmr.fd 2009/10/30 v1.6 Font defs for Latin Modern
))
(/var/lib/texmf/tex/generic/babel/babel.sty
Package: babel 2008/07/06 v3.8l The Babel package

(/usr/share/texmf-texlive/tex/latex/lithuanian/lithuanian.ldf
Language: lithuanian 2006/09/20 v0.5 Lithuanian support from the babel system

(/usr/share/texmf-texlive/tex/generic/babel/babel.def
File: babel.def 2008/07/06 v3.8l Babel common definitions
\babel@savecnt=\count92
\U@D=\dimen117
)))
(/usr/share/texmf-texlive/tex/latex/listings/listings.sty
(/usr/share/texmf-texlive/tex/latex/graphics/keyval.sty
Package: keyval 1999/03/16 v1.13 key=value parser (DPC)
\KV@toks@=\toks20
)
\lst@mode=\count93
\lst@gtempboxa=\box27
\lst@token=\toks21
\lst@length=\count94
\lst@currlwidth=\dimen118
\lst@column=\count95
\lst@pos=\count96
\lst@lostspace=\dimen119
\lst@width=\dimen120
\lst@newlines=\count97
\lst@lineno=\count98
\lst@maxwidth=\dimen121

(/usr/share/texmf-texlive/tex/latex/listings/lstmisc.sty
File: lstmisc.sty 2007/02/22 1.4 (Carsten Heinz)
\c@lstnumber=\count99
\lst@skipnumbers=\count100
\lst@framebox=\box28
)
(/usr/share/texmf-texlive/tex/latex/listings/listings.cfg
File: listings.cfg 2007/02/22 1.4 listings configuration
))
Package: listings 2007/02/22 1.4 (Carsten Heinz)

(/usr/share/texmf-texlive/tex/latex/listings/lstlang1.sty
File: lstlang1.sty 2004/09/05 1.3 listings language file
) (./main.aux)
\openout1 = `main.aux'.

LaTeX Font Info:    Checking defaults for OML/cmm/m/it on input line 17.
LaTeX Font Info:    ... okay on input line 17.
LaTeX Font Info:    Checking defaults for T1/cmr/m/n on input line 17.
LaTeX Font Info:    ... okay on input line 17.
LaTeX Font Info:    Checking defaults for OT1/cmr/m/n on input line 17.
LaTeX Font Info:    ... okay on input line 17.
LaTeX Font Info:    Checking defaults for OMS/cmsy/m/n on input line 17.
LaTeX Font Info:    ... okay on input line 17.
LaTeX Font Info:    Checking defaults for OMX/cmex/m/n on input line 17.
LaTeX Font Info:    ... okay on input line 17.
LaTeX Font Info:    Checking defaults for U/cmr/m/n on input line 17.
LaTeX Font Info:    ... okay on input line 17.
LaTeX Font Info:    Checking defaults for L7x/lmr/m/n on input line 17.
LaTeX Font Info:    ... okay on input line 17.
LaTeX Font Info:    Failed loading font information for L7x+ptm. on input line 
17.
LaTeX Font Info:    Failed loading font information for L7x+ptm. on input line 
17.
LaTeX Font Info:    Failed loading font information for L7x+ptm. on input line 
17.
LaTeX Font Info:    Failed loading font information for L7x+ptm. on input line 
17.
LaTeX Font Info:    Failed loading font information for L7x+ptm. on input line 
17.
LaTeX Font Info:    Failed loading font information for L7x+ptm. on input line 
17.
LaTeX Font Info:    Failed loading font information for L7x+ptm. on input line 
17.
LaTeX Font Info:    Failed loading font information for L7x+ptm. on input line 
17.
LaTeX Font Info:    Failed loading font information for L7x+ptm. on input line 
17.
LaTeX Font Info:    Failed loading font information for L7x+ptm. on input line 
17.
LaTeX Font Info:    Failed loading font information for L7x+ptm. on input line 
17.
LaTeX Font Info:    Failed loading font information for L7x+ptm. on input line 
17.
LaTeX Font Info:    Failed loading font information for L7x+ptm. on input line 
17.
LaTeX Font Info:    Failed loading font information for L7x+ptm. on input line 
17.
LaTeX Font Info:    Failed loading font information for L7x+ptm. on input line 
17.
LaTeX Font Info:    Failed loading font information for L7x+ptm. on input line 
17.
LaTeX Font Info:    Failed loading font information for L7x+ptm. on input line 
17.
LaTeX Font Info:    Failed loading font information for L7x+ptm. on input line 
17.
LaTeX Font Info:    Failed loading font information for L7x+ptm. on input line 
17.
LaTeX Font Info:    Failed loading font information for L7x+ptm. on input line 
17.
LaTeX Font Info:    Failed loading font information for L7x+ptm. on input line 
17.
LaTeX Font Info:    Failed loading font information for L7x+ptm. on input line 
17.

(/usr/share/texmf-texlive/tex/latex/ucs/ucsencs.def
File: ucsencs.def 2003/11/29 Fixes to fontencodings LGR, T3
)
\c@lstlisting=\count101
LaTeX Font Info:    Failed loading font information for L7x+ptm. on input line 
19.
LaTeX Font Info:    Failed loading font information for L7x+pcr. on input line 
19.
LaTeX Font Info:    Failed loading font information for L7x+ptm. on input line 
19.
LaTeX Font Info:    Failed loading font information for L7x+pcr. on input line 
19.
LaTeX Font Info:    Failed loading font information for L7x+ptm. on input line 
21.

(/usr/share/texmf-texlive/tex/latex/ucs/data/uni-1.def
File: uni-1.def 2004/10/17 UCS: Unicode data U+0100..U+01FF
)
LaTeX Font Info:    Failed loading font information for L7x+ptm. on input line 
23.
LaTeX Font Info:    Failed loading font information for L7x+ptm. on input line 
29.
LaTeX Font Info:    External font `cmex10' loaded for size
(Font)              <7> on input line 36.
LaTeX Font Info:    External font `cmex10' loaded for size
(Font)              <5> on input line 36.
LaTeX Font Info:    Failed loading font information for L7x+ptm. on input line 
36.
LaTeX Font Info:    Failed loading font information for L7x+ptm. on input line 
37.
LaTeX Font Info:    Failed loading font information for L7x+ptm. on input line 
42.
LaTeX Font Info:    Failed loading font information for L7x+ptm. on input line 
56.
LaTeX Font Info:    Failed loading font information for L7x+ptm. on input line 
63.
LaTeX Font Info:    Failed loading font information for L7x+ptm. on input line 
64.
LaTeX Font Info:    Failed loading font information for L7x+ptm. on input line 
65.
LaTeX Font Info:    Failed loading font information for L7x+ptm. on input line 
66.
LaTeX Font Info:    Failed loading font information for L7x+ptm. on input line 
77.
LaTeX Font Info:    Failed loading font information for L7x+ptm. on input line 
82.

(./codes/word_count.java)
LaTeX Font Info:    Failed loading font information for L7x+ptm. on input line 
83.
LaTeX Font Info:    Failed loading font information for L7x+ptm. on input line 
83.
LaTeX Font Info:    Failed loading font information for L7x+ptm. on input line 
83.
LaTeX Font Info:    Failed loading font information for L7x+ptm. on input line 
90.
LaTeX Font Info:    Failed loading font information for L7x+ptm. on input line 
91.
LaTeX Font Info:    Failed loading font information for L7x+ptm. on input line 
92.
LaTeX Font Info:    Failed loading font information for L7x+ptm. on input line 
93.
LaTeX Font Info:    Failed loading font information for L7x+ptm. on input line 
99.
LaTeX Font Info:    Failed loading font information for L7x+ptm. on input line 
100.
LaTeX Font Info:    Failed loading font information for L7x+ptm. on input line 
101.
LaTeX Font Info:    Failed loading font information for L7x+ptm. on input line 
102.
LaTeX Font Info:    Failed loading font information for L7x+ptm. on input line 
106.
 [1{/var/lib/texmf/fonts/map/pdftex/updmap/pdftex.map}


]
LaTeX Font Info:    Failed loading font information for L7x+ptm. on input line 
108.
LaTeX Font Info:    Failed loading font information for L7x+ptm. on input line 
109.
LaTeX Font Info:    Failed loading font information for L7x+ptm. on input line 
110.
LaTeX Font Info:    Failed loading font information for L7x+ptm. on input line 
116.
LaTeX Font Info:    Failed loading font information for L7x+ptm. on input line 
117.
LaTeX Font Info:    Failed loading font information for L7x+ptm. on input line 
118.
LaTeX Font Info:    Failed loading font information for L7x+ptm. on input line 
124.
LaTeX Font Info:    Failed loading font information for L7x+ptm. on input line 
125.
LaTeX Font Info:    Failed loading font information for L7x+ptm. on input line 
126.
LaTeX Font Info:    Failed loading font information for L7x+ptm. on input line 
127.
LaTeX Font Info:    Failed loading font information for L7x+ptm. on input line 
128.
LaTeX Font Info:    Failed loading font information for L7x+ptm. on input line 
131.
LaTeX Font Info:    Failed loading font information for L7x+ptm. on input line 
142.
LaTeX Font Info:    Failed loading font information for L7x+ptm. on input line 
143.
LaTeX Font Info:    Failed loading font information for L7x+ptm. on input line 
150.
LaTeX Font Info:    Failed loading font information for L7x+ptm. on input line 
155.
LaTeX Font Info:    Failed loading font information for L7x+ptm. on input line 
156.
LaTeX Font Info:    Failed loading font information for L7x+ptm. on input line 
161.
LaTeX Font Info:    Failed loading font information for L7x+ptm. on input line 
165.
LaTeX Font Info:    Failed loading font information for L7x+ptm. on input line 
168.
LaTeX Font Info:    Failed loading font information for L7x+ptm. on input line 
170.
 (./main.bbl
LaTeX Font Info:    Failed loading font information for L7x+ptm. on input line 
1.
)
LaTeX Font Info:    Failed loading font information for L7x+ptm. on input line 
175.
 [2] (./main.aux) ) 
Here is how much of TeX's memory you used:
 4283 strings out of 493848
 58275 string characters out of 1152823
 154149 words of memory out of 3000000
 7547 multiletter control sequences out of 15000+50000
 106491 words of font info for 95 fonts, out of 3000000 for 9000
 714 hyphenation exceptions out of 8191
 26i,5n,40p,442b,1174s stack positions out of 5000i,500n,10000p,200000b,50000s
{/usr/share/texmf/fonts/enc/dvips/lm/lm-l7x.enc}</usr/share/
texmf-texlive/fonts/type1/public/amsfonts/cm/cmmi10.pfb></usr/share/texmf-texli
ve/fonts/type1/public/amsfonts/cm/cmmi7.pfb></usr/share/texmf-texlive/fonts/typ
e1/public/amsfonts/cm/cmr10.pfb></usr/share/texmf-texlive/fonts/type1/public/am
sfonts/cm/cmsy7.pfb></usr/share/texmf/fonts/type1/public/lm/lmbx8.pfb></usr/sha
re/texmf/fonts/type1/public/lm/lmcsc10.pfb></usr/share/texmf/fonts/type1/public
/lm/lmr10.pfb></usr/share/texmf/fonts/type1/public/lm/lmr12.pfb></usr/share/tex
mf/fonts/type1/public/lm/lmr17.pfb></usr/share/texmf/fonts/type1/public/lm/lmr7
.pfb></usr/share/texmf/fonts/type1/public/lm/lmr8.pfb></usr/share/texmf/fonts/t
ype1/public/lm/lmri10.pfb></usr/share/texmf/fonts/type1/public/lm/lmri8.pfb>
Output written on main.pdf (2 pages, 274676 bytes).
PDF statistics:
 62 PDF objects out of 1000 (max. 8388607)
 0 named destinations out of 1000 (max. 500000)
 1 words of extra memory for PDF output out of 10000 (max. 10000000)

