This is pdfTeX, Version 3.1415926-1.40.10 (TeX Live 2009/Debian) (format=pdflatex 2013.11.2)  3 NOV 2013 15:18
entering extended mode
 \write18 enabled.
 %&-line parsing enabled.
**main.tex
(./main.tex
LaTeX2e <2009/09/24>
Babel <v3.8l> and hyphenation patterns for english, usenglishmax, dumylang, noh
yphenation, farsi, arabic, croatian, bulgarian, ukrainian, russian, czech, slov
ak, danish, dutch, finnish, french, basque, ngerman, german, german-x-2009-06-1
9, ngerman-x-2009-06-19, ibycus, monogreek, greek, ancientgreek, hungarian, san
skrit, italian, latin, latvian, lithuanian, mongolian2a, mongolian, bokmal, nyn
orsk, romanian, irish, coptic, serbian, turkish, welsh, esperanto, uppersorbian
, estonian, indonesian, interlingua, icelandic, kurmanji, slovenian, polish, po
rtuguese, spanish, galician, catalan, swedish, ukenglish, pinyin, loaded.
(/usr/share/texmf-texlive/tex/latex/IEEEtran/IEEEtran.cls
Document Class: IEEEtran 2007/03/05 V1.7a by Michael Shell
-- See the "IEEEtran_HOWTO" manual for usage information.
-- http://www.michaelshell.org/tex/ieeetran/
\@IEEEtrantmpdimenA=\dimen102
\@IEEEtrantmpdimenB=\dimen103
\@IEEEtrantmpcountA=\count79
\@IEEEtrantmpcountB=\count80
\@IEEEtrantmptoksA=\toks14
LaTeX Font Info:    Try loading font information for OT1+ptm on input line 366.

(/usr/share/texmf-texlive/tex/latex/psnfss/ot1ptm.fd
File: ot1ptm.fd 2001/06/04 font definitions for OT1/ptm.
)
-- Using 8.5in x 11in (letter) paper.
-- Using PDF output.
\@IEEEnormalsizeunitybaselineskip=\dimen104
-- This is a 10 point document.
\CLASSINFOnormalsizebaselineskip=\dimen105
\CLASSINFOnormalsizeunitybaselineskip=\dimen106
\IEEEnormaljot=\dimen107
LaTeX Font Info:    Font shape `OT1/ptm/bx/n' in size <5> not available
(Font)              Font shape `OT1/ptm/b/n' tried instead on input line 724.
LaTeX Font Info:    Font shape `OT1/ptm/bx/it' in size <5> not available
(Font)              Font shape `OT1/ptm/b/it' tried instead on input line 724.
LaTeX Font Info:    Font shape `OT1/ptm/bx/n' in size <7> not available
(Font)              Font shape `OT1/ptm/b/n' tried instead on input line 724.
LaTeX Font Info:    Font shape `OT1/ptm/bx/it' in size <7> not available
(Font)              Font shape `OT1/ptm/b/it' tried instead on input line 724.
LaTeX Font Info:    Font shape `OT1/ptm/bx/n' in size <8> not available
(Font)              Font shape `OT1/ptm/b/n' tried instead on input line 724.
LaTeX Font Info:    Font shape `OT1/ptm/bx/it' in size <8> not available
(Font)              Font shape `OT1/ptm/b/it' tried instead on input line 724.
LaTeX Font Info:    Font shape `OT1/ptm/bx/n' in size <9> not available
(Font)              Font shape `OT1/ptm/b/n' tried instead on input line 724.
LaTeX Font Info:    Font shape `OT1/ptm/bx/it' in size <9> not available
(Font)              Font shape `OT1/ptm/b/it' tried instead on input line 724.
LaTeX Font Info:    Font shape `OT1/ptm/bx/n' in size <10> not available
(Font)              Font shape `OT1/ptm/b/n' tried instead on input line 724.
LaTeX Font Info:    Font shape `OT1/ptm/bx/it' in size <10> not available
(Font)              Font shape `OT1/ptm/b/it' tried instead on input line 724.
LaTeX Font Info:    Font shape `OT1/ptm/bx/n' in size <11> not available
(Font)              Font shape `OT1/ptm/b/n' tried instead on input line 724.
LaTeX Font Info:    Font shape `OT1/ptm/bx/it' in size <11> not available
(Font)              Font shape `OT1/ptm/b/it' tried instead on input line 724.
LaTeX Font Info:    Font shape `OT1/ptm/bx/n' in size <12> not available
(Font)              Font shape `OT1/ptm/b/n' tried instead on input line 724.
LaTeX Font Info:    Font shape `OT1/ptm/bx/it' in size <12> not available
(Font)              Font shape `OT1/ptm/b/it' tried instead on input line 724.
LaTeX Font Info:    Font shape `OT1/ptm/bx/n' in size <17> not available
(Font)              Font shape `OT1/ptm/b/n' tried instead on input line 724.
LaTeX Font Info:    Font shape `OT1/ptm/bx/it' in size <17> not available
(Font)              Font shape `OT1/ptm/b/it' tried instead on input line 724.
LaTeX Font Info:    Font shape `OT1/ptm/bx/n' in size <20> not available
(Font)              Font shape `OT1/ptm/b/n' tried instead on input line 724.
LaTeX Font Info:    Font shape `OT1/ptm/bx/it' in size <20> not available
(Font)              Font shape `OT1/ptm/b/it' tried instead on input line 724.
LaTeX Font Info:    Font shape `OT1/ptm/bx/n' in size <24> not available
(Font)              Font shape `OT1/ptm/b/n' tried instead on input line 724.
LaTeX Font Info:    Font shape `OT1/ptm/bx/it' in size <24> not available
(Font)              Font shape `OT1/ptm/b/it' tried instead on input line 724.
\IEEEilabelindentA=\dimen108
\IEEEilabelindentB=\dimen109
\IEEEilabelindent=\dimen110
\IEEEelabelindent=\dimen111
\IEEEdlabelindent=\dimen112
\IEEElabelindent=\dimen113
\IEEEiednormlabelsep=\dimen114
\IEEEiedmathlabelsep=\dimen115
\IEEEiedtopsep=\skip41
\c@section=\count81
\c@subsection=\count82
\c@subsubsection=\count83
\c@paragraph=\count84
\c@IEEEsubequation=\count85
\abovecaptionskip=\skip42
\belowcaptionskip=\skip43
\c@figure=\count86
\c@table=\count87
\@IEEEeqnnumcols=\count88
\@IEEEeqncolcnt=\count89
\@IEEEtmpitemindent=\dimen116
\c@IEEEbiography=\count90
\@IEEEtranrubishbin=\box26
) (/usr/share/texmf-texlive/tex/latex/base/inputenc.sty
Package: inputenc 2008/03/30 v1.1d Input encoding file
\inpenc@prehook=\toks15
\inpenc@posthook=\toks16

(/usr/share/texmf-texlive/tex/latex/ucs/utf8x.def
File: utf8x.def 2004/10/17 UCS: Input encoding UTF-8
))
(/usr/share/texmf-texlive/tex/latex/ucs/ucs.sty
Package: ucs 2004/10/17 UCS: Unicode input support

(/usr/share/texmf-texlive/tex/latex/ucs/data/uni-global.def
File: uni-global.def 2004/10/17 UCS: Unicode global data
)
\uc@secondtry=\count91
\uc@combtoks=\toks17
\uc@combtoksb=\toks18
\uc@temptokena=\toks19
)
(/usr/share/texmf-texlive/tex/latex/base/fontenc.sty
Package: fontenc 2005/09/27 v1.99g Standard LaTeX package

(/usr/share/texmf-texlive/tex/latex/lithuanian/l7xenc.def
File: l7xenc.def 2008/10/14 v1.96 LaTeX-LT file
LaTeX Info: Redefining \selectfont on input line 30.
)
LaTeX Font Info:    Failed loading font information for L7x+ptm. on input line 
100.
LaTeX Font Info:    Try loading font information for L7x+lmr on input line 100.


(/usr/share/texmf/tex/latex/lm/l7xlmr.fd
File: l7xlmr.fd 2009/10/30 v1.6 Font defs for Latin Modern
))
(/var/lib/texmf/tex/generic/babel/babel.sty
Package: babel 2008/07/06 v3.8l The Babel package

(/usr/share/texmf-texlive/tex/latex/lithuanian/lithuanian.ldf
Language: lithuanian 2006/09/20 v0.5 Lithuanian support from the babel system

(/usr/share/texmf-texlive/tex/generic/babel/babel.def
File: babel.def 2008/07/06 v3.8l Babel common definitions
\babel@savecnt=\count92
\U@D=\dimen117
)))
(/usr/share/texmf-texlive/tex/latex/listings/listings.sty
(/usr/share/texmf-texlive/tex/latex/graphics/keyval.sty
Package: keyval 1999/03/16 v1.13 key=value parser (DPC)
\KV@toks@=\toks20
)
\lst@mode=\count93
\lst@gtempboxa=\box27
\lst@token=\toks21
\lst@length=\count94
\lst@currlwidth=\dimen118
\lst@column=\count95
\lst@pos=\count96
\lst@lostspace=\dimen119
\lst@width=\dimen120
\lst@newlines=\count97
\lst@lineno=\count98
\lst@maxwidth=\dimen121

(/usr/share/texmf-texlive/tex/latex/listings/lstmisc.sty
File: lstmisc.sty 2007/02/22 1.4 (Carsten Heinz)
\c@lstnumber=\count99
\lst@skipnumbers=\count100
\lst@framebox=\box28
)
(/usr/share/texmf-texlive/tex/latex/listings/listings.cfg
File: listings.cfg 2007/02/22 1.4 listings configuration
))
Package: listings 2007/02/22 1.4 (Carsten Heinz)

(/usr/share/texmf-texlive/tex/latex/graphics/graphicx.sty
Package: graphicx 1999/02/16 v1.0f Enhanced LaTeX Graphics (DPC,SPQR)

(/usr/share/texmf-texlive/tex/latex/graphics/graphics.sty
Package: graphics 2009/02/05 v1.0o Standard LaTeX Graphics (DPC,SPQR)

(/usr/share/texmf-texlive/tex/latex/graphics/trig.sty
Package: trig 1999/03/16 v1.09 sin cos tan (DPC)
)
(/etc/texmf/tex/latex/config/graphics.cfg
File: graphics.cfg 2009/08/28 v1.8 graphics configuration of TeX Live
)
Package graphics Info: Driver file: pdftex.def on input line 91.

(/usr/share/texmf-texlive/tex/latex/pdftex-def/pdftex.def
File: pdftex.def 2010/03/12 v0.04p Graphics/color for pdfTeX
\Gread@gobject=\count101
))
\Gin@req@height=\dimen122
\Gin@req@width=\dimen123
)
(/usr/share/texmf-texlive/tex/latex/oberdiek/epstopdf.sty
Package: epstopdf 2009/10/17 v2.4 Conversion with epstopdf on the fly (HO)

(/usr/share/texmf-texlive/tex/latex/oberdiek/epstopdf-base.sty
Package: epstopdf-base 2009/10/17 v2.4 Base part for package epstopdf

(/usr/share/texmf-texlive/tex/generic/oberdiek/infwarerr.sty
Package: infwarerr 2007/09/09 v1.2 Providing info/warning/message (HO)
)
(/usr/share/texmf-texlive/tex/latex/oberdiek/grfext.sty
Package: grfext 2007/09/30 v1.0 Managing graphics extensions (HO)
)
(/usr/share/texmf-texlive/tex/latex/oberdiek/kvoptions.sty
Package: kvoptions 2009/08/13 v3.4 Keyval support for LaTeX options (HO)

(/usr/share/texmf-texlive/tex/generic/oberdiek/kvsetkeys.sty
Package: kvsetkeys 2009/07/30 v1.5 Key value parser with default handler suppor
t (HO)

(/usr/share/texmf-texlive/tex/generic/oberdiek/etexcmds.sty
Package: etexcmds 2007/12/12 v1.2 Prefix for e-TeX command names (HO)
Package etexcmds Info: Could not find \expanded.
(etexcmds)             That can mean that you are not using pdfTeX 1.50 or
(etexcmds)             that some package has redefined \expanded.
(etexcmds)             In the latter case, load this package earlier.
)))
(/usr/share/texmf-texlive/tex/generic/oberdiek/pdftexcmds.sty
Package: pdftexcmds 2009/09/23 v0.6 LuaTeX support for pdfTeX utility functions
 (HO)

(/usr/share/texmf-texlive/tex/generic/oberdiek/ifluatex.sty
Package: ifluatex 2009/04/17 v1.2 Provides the ifluatex switch (HO)
Package ifluatex Info: LuaTeX not detected.
)
(/usr/share/texmf-texlive/tex/generic/oberdiek/ltxcmds.sty
Package: ltxcmds 2009/08/05 v1.0 Some LaTeX kernel commands for general use (HO
)
)
Package pdftexcmds Info: LuaTeX not detected.
Package pdftexcmds Info: \pdf@primitive is available.
Package pdftexcmds Info: \pdf@ifprimitive is available.
)
Package grfext Info: Graphics extension search list:
(grfext)             [.png,.pdf,.jpg,.mps,.jpeg,.jbig2,.jb2,.PNG,.PDF,.JPG,.JPE
G,.JBIG2,.JB2,.eps]
(grfext)             \AppendGraphicsExtensions on input line 433.

(/usr/share/texmf-texlive/tex/latex/latexconfig/epstopdf-sys.cfg
File: epstopdf-sys.cfg 2009/10/26 v1.1 Configuration of epstopdf for TeX Live
)))
(/usr/share/texmf-texlive/tex/latex/listings/lstlang1.sty
File: lstlang1.sty 2004/09/05 1.3 listings language file
) (./main.aux)
\openout1 = `main.aux'.

LaTeX Font Info:    Checking defaults for OML/cmm/m/it on input line 20.
LaTeX Font Info:    ... okay on input line 20.
LaTeX Font Info:    Checking defaults for T1/cmr/m/n on input line 20.
LaTeX Font Info:    ... okay on input line 20.
LaTeX Font Info:    Checking defaults for OT1/cmr/m/n on input line 20.
LaTeX Font Info:    ... okay on input line 20.
LaTeX Font Info:    Checking defaults for OMS/cmsy/m/n on input line 20.
LaTeX Font Info:    ... okay on input line 20.
LaTeX Font Info:    Checking defaults for OMX/cmex/m/n on input line 20.
LaTeX Font Info:    ... okay on input line 20.
LaTeX Font Info:    Checking defaults for U/cmr/m/n on input line 20.
LaTeX Font Info:    ... okay on input line 20.
LaTeX Font Info:    Checking defaults for L7x/lmr/m/n on input line 20.
LaTeX Font Info:    ... okay on input line 20.
LaTeX Font Info:    Failed loading font information for L7x+ptm. on input line 
20.
LaTeX Font Info:    Failed loading font information for L7x+ptm. on input line 
20.
LaTeX Font Info:    Failed loading font information for L7x+ptm. on input line 
20.
LaTeX Font Info:    Failed loading font information for L7x+ptm. on input line 
20.
LaTeX Font Info:    Failed loading font information for L7x+ptm. on input line 
20.
LaTeX Font Info:    Failed loading font information for L7x+ptm. on input line 
20.
LaTeX Font Info:    Failed loading font information for L7x+ptm. on input line 
20.
LaTeX Font Info:    Failed loading font information for L7x+ptm. on input line 
20.
LaTeX Font Info:    Failed loading font information for L7x+ptm. on input line 
20.
LaTeX Font Info:    Failed loading font information for L7x+ptm. on input line 
20.
LaTeX Font Info:    Failed loading font information for L7x+ptm. on input line 
20.
LaTeX Font Info:    Failed loading font information for L7x+ptm. on input line 
20.
LaTeX Font Info:    Failed loading font information for L7x+ptm. on input line 
20.
LaTeX Font Info:    Failed loading font information for L7x+ptm. on input line 
20.
LaTeX Font Info:    Failed loading font information for L7x+ptm. on input line 
20.
LaTeX Font Info:    Failed loading font information for L7x+ptm. on input line 
20.
LaTeX Font Info:    Failed loading font information for L7x+ptm. on input line 
20.
LaTeX Font Info:    Failed loading font information for L7x+ptm. on input line 
20.
LaTeX Font Info:    Failed loading font information for L7x+ptm. on input line 
20.
LaTeX Font Info:    Failed loading font information for L7x+ptm. on input line 
20.
LaTeX Font Info:    Failed loading font information for L7x+ptm. on input line 
20.
LaTeX Font Info:    Failed loading font information for L7x+ptm. on input line 
20.

(/usr/share/texmf-texlive/tex/latex/ucs/ucsencs.def
File: ucsencs.def 2003/11/29 Fixes to fontencodings LGR, T3
)
\c@lstlisting=\count102

(/usr/share/texmf-texlive/tex/context/base/supp-pdf.mkii
[Loading MPS to PDF converter (version 2006.09.02).]
\scratchcounter=\count103
\scratchdimen=\dimen124
\scratchbox=\box29
\nofMPsegments=\count104
\nofMParguments=\count105
\everyMPshowfont=\toks22
\MPscratchCnt=\count106
\MPscratchDim=\dimen125
\MPnumerator=\count107
\everyMPtoPDFconversion=\toks23
)
LaTeX Font Info:    Failed loading font information for L7x+ptm. on input line 
22.
 (/usr/share/texmf-texlive/tex/latex/ucs/data/uni-1.def
File: uni-1.def 2004/10/17 UCS: Unicode data U+0100..U+01FF
)
LaTeX Font Info:    Failed loading font information for L7x+pcr. on input line 
22.
LaTeX Font Info:    Failed loading font information for L7x+ptm. on input line 
22.
LaTeX Font Info:    Failed loading font information for L7x+pcr. on input line 
22.
LaTeX Font Info:    Failed loading font information for L7x+ptm. on input line 
24.
LaTeX Font Info:    Failed loading font information for L7x+ptm. on input line 
26.
LaTeX Font Info:    Failed loading font information for L7x+ptm. on input line 
34.
LaTeX Font Info:    Failed loading font information for L7x+ptm. on input line 
38.
LaTeX Font Info:    Failed loading font information for L7x+ptm. on input line 
46.
Package epstopdf Info: Source file: <figures/struktura.eps>
(epstopdf)                    date: 2013-11-02 16:31:32
(epstopdf)                    size: 355051 bytes
(epstopdf)             Output file: <figures/struktura-eps-converted-to.pdf>
(epstopdf)                    date: 2013-11-02 17:12:38
(epstopdf)                    size: 120672 bytes
(epstopdf)             Command: <epstopdf --outfile=figures/struktura-eps-conve
rted-to.pdf figures/struktura.eps>
(epstopdf)             \includegraphics on input line 48.
Package epstopdf Info: Output file is already uptodate.

<figures/struktura-eps-converted-to.pdf, id=1, 1489.565pt x 1048.91875pt>
File: figures/struktura-eps-converted-to.pdf Graphic file (type pdf)

<use figures/struktura-eps-converted-to.pdf>
Overfull \hbox (26.02698pt too wide) in paragraph at lines 48--50
 [][] 
 []

LaTeX Font Info:    Failed loading font information for L7x+ptm. on input line 
50.
LaTeX Font Info:    Failed loading font information for L7x+ptm. on input line 
50.
LaTeX Font Info:    Failed loading font information for L7x+ptm. on input line 
53.
LaTeX Font Info:    Failed loading font information for L7x+ptm. on input line 
56.
LaTeX Font Info:    Failed loading font information for L7x+ptm. on input line 
56.
LaTeX Font Info:    External font `cmex10' loaded for size
(Font)              <8> on input line 58.
LaTeX Font Info:    External font `cmex10' loaded for size
(Font)              <6> on input line 58.
LaTeX Font Info:    External font `cmex10' loaded for size
(Font)              <5> on input line 58.
LaTeX Font Info:    Failed loading font information for L7x+ptm. on input line 
63.
LaTeX Font Info:    Failed loading font information for L7x+ptm. on input line 
64.
LaTeX Font Info:    Failed loading font information for L7x+ptm. on input line 
65.
LaTeX Font Info:    Failed loading font information for L7x+ptm. on input line 
68.
LaTeX Font Info:    Failed loading font information for L7x+ptm. on input line 
69.
LaTeX Font Info:    Failed loading font information for L7x+ptm. on input line 
74.
LaTeX Font Info:    Failed loading font information for L7x+ptm. on input line 
75.
LaTeX Font Info:    Failed loading font information for L7x+ptm. on input line 
76.
LaTeX Font Info:    Failed loading font information for L7x+ptm. on input line 
79.
LaTeX Font Info:    Failed loading font information for L7x+ptm. on input line 
80.
LaTeX Font Info:    Failed loading font information for L7x+ptm. on input line 
85.
LaTeX Font Info:    Failed loading font information for L7x+ptm. on input line 
86.
LaTeX Font Info:    Failed loading font information for L7x+ptm. on input line 
87.
LaTeX Font Info:    Failed loading font information for L7x+ptm. on input line 
90.
LaTeX Font Info:    Failed loading font information for L7x+ptm. on input line 
91.
LaTeX Font Info:    Failed loading font information for L7x+ptm. on input line 
96.
LaTeX Font Info:    Failed loading font information for L7x+ptm. on input line 
97.
LaTeX Font Info:    Failed loading font information for L7x+ptm. on input line 
100.
LaTeX Font Info:    Failed loading font information for L7x+ptm. on input line 
101.
LaTeX Font Info:    Failed loading font information for L7x+ptm. on input line 
102.

Underfull \hbox (badness 2469) in paragraph at lines 102--103
[]\L7x/lmr/m/n/8 Atnaujinimo pa-ren-gi-mas ad-mi-
 []

LaTeX Font Info:    Failed loading font information for L7x+ptm. on input line 
103.

Underfull \hbox (badness 2384) in paragraph at lines 103--104
[]\L7x/lmr/m/n/8 Bankiniø pro-to-ko-lø ágy-ven-di-ni-
 []

LaTeX Font Info:    Failed loading font information for L7x+ptm. on input line 
108.
LaTeX Font Info:    Failed loading font information for L7x+ptm. on input line 
111.
LaTeX Font Info:    Failed loading font information for L7x+ptm. on input line 
112.
LaTeX Font Info:    Failed loading font information for L7x+ptm. on input line 
113.
LaTeX Font Info:    Failed loading font information for L7x+ptm. on input line 
118.
LaTeX Font Info:    Failed loading font information for L7x+ptm. on input line 
119.
LaTeX Font Info:    Failed loading font information for L7x+ptm. on input line 
122.
LaTeX Font Info:    Failed loading font information for L7x+ptm. on input line 
123.
LaTeX Font Info:    Failed loading font information for L7x+ptm. on input line 
128.
LaTeX Font Info:    Failed loading font information for L7x+ptm. on input line 
132.
LaTeX Font Info:    Failed loading font information for L7x+ptm. on input line 
134.
LaTeX Font Info:    Failed loading font information for L7x+ptm. on input line 
136.
LaTeX Font Info:    Failed loading font information for L7x+ptm. on input line 
138.
LaTeX Font Info:    Failed loading font information for L7x+ptm. on input line 
140.
[1{/var/lib/texmf/fonts/map/pdftex/updmap/pdftex.map}



]
LaTeX Font Info:    Failed loading font information for L7x+ptm. on input line 
140.
 [2 <./figures/struktura-eps-converted-to.pdf>]
LaTeX Font Info:    Failed loading font information for L7x+ptm. on input line 
140.
 [3] (./main.aux) ) 
Here is how much of TeX's memory you used:
 4936 strings out of 493848
 70037 string characters out of 1152823
 161891 words of memory out of 3000000
 8143 multiletter control sequences out of 15000+50000
 109889 words of font info for 102 fonts, out of 3000000 for 9000
 714 hyphenation exceptions out of 8191
 41i,11n,40p,511b,630s stack positions out of 5000i,500n,10000p,200000b,50000s
{/usr/share/texmf/fonts/enc/dvips/lm/lm-l7x.enc}</usr/share/
texmf-texlive/fonts/type1/public/amsfonts/cm/cmsy6.pfb></usr/share/texmf/fonts/
type1/public/lm/lmbx8.pfb></usr/share/texmf/fonts/type1/public/lm/lmcsc10.pfb><
/usr/share/texmf/fonts/type1/public/lm/lmr10.pfb></usr/share/texmf/fonts/type1/
public/lm/lmr12.pfb></usr/share/texmf/fonts/type1/public/lm/lmr17.pfb></usr/sha
re/texmf/fonts/type1/public/lm/lmr7.pfb></usr/share/texmf/fonts/type1/public/lm
/lmr8.pfb></usr/share/texmf/fonts/type1/public/lm/lmri10.pfb>
Output written on main.pdf (3 pages, 330108 bytes).
PDF statistics:
 52 PDF objects out of 1000 (max. 8388607)
 0 named destinations out of 1000 (max. 500000)
 6 words of extra memory for PDF output out of 10000 (max. 10000000)

