This is pdfTeX, Version 3.1415926-2.5-1.40.14 (TeX Live 2013/Arch Linux) (format=pdflatex 2013.10.6)  21 NOV 2013 14:56
entering extended mode
 restricted \write18 enabled.
 %&-line parsing enabled.
**main.tex
(./main.tex
LaTeX2e <2011/06/27>
Babel <3.9f> and hyphenation patterns for 78 languages loaded.
(/usr/share/texmf-dist/tex/latex/IEEEtran/IEEEtran.cls
Document Class: IEEEtran 2012/12/27 V1.8 by Michael Shell
-- See the "IEEEtran_HOWTO" manual for usage information.
-- http://www.michaelshell.org/tex/ieeetran/
\@IEEEtrantmpdimenA=\dimen102
\@IEEEtrantmpdimenB=\dimen103
\@IEEEtrantmpcountA=\count79
\@IEEEtrantmpcountB=\count80
\@IEEEtrantmptoksA=\toks14
LaTeX Font Info:    Try loading font information for OT1+ptm on input line 368.

(/usr/share/texmf-dist/tex/latex/psnfss/ot1ptm.fd
File: ot1ptm.fd 2001/06/04 font definitions for OT1/ptm.
)
** ATTENTION: Single column mode is not typically used with IEEE publications.
-- Using 8.5in x 11in (letter) paper.
-- Using PDF output.
\@IEEEnormalsizeunitybaselineskip=\dimen104
-- This is a 10 point document.
\CLASSINFOnormalsizebaselineskip=\dimen105
\CLASSINFOnormalsizeunitybaselineskip=\dimen106
\IEEEnormaljot=\dimen107
LaTeX Font Info:    Font shape `OT1/ptm/bx/n' in size <5> not available
(Font)              Font shape `OT1/ptm/b/n' tried instead on input line 726.
LaTeX Font Info:    Font shape `OT1/ptm/bx/it' in size <5> not available
(Font)              Font shape `OT1/ptm/b/it' tried instead on input line 726.
LaTeX Font Info:    Font shape `OT1/ptm/bx/n' in size <7> not available
(Font)              Font shape `OT1/ptm/b/n' tried instead on input line 726.
LaTeX Font Info:    Font shape `OT1/ptm/bx/it' in size <7> not available
(Font)              Font shape `OT1/ptm/b/it' tried instead on input line 726.
LaTeX Font Info:    Font shape `OT1/ptm/bx/n' in size <8> not available
(Font)              Font shape `OT1/ptm/b/n' tried instead on input line 726.
LaTeX Font Info:    Font shape `OT1/ptm/bx/it' in size <8> not available
(Font)              Font shape `OT1/ptm/b/it' tried instead on input line 726.
LaTeX Font Info:    Font shape `OT1/ptm/bx/n' in size <9> not available
(Font)              Font shape `OT1/ptm/b/n' tried instead on input line 726.
LaTeX Font Info:    Font shape `OT1/ptm/bx/it' in size <9> not available
(Font)              Font shape `OT1/ptm/b/it' tried instead on input line 726.
LaTeX Font Info:    Font shape `OT1/ptm/bx/n' in size <10> not available
(Font)              Font shape `OT1/ptm/b/n' tried instead on input line 726.
LaTeX Font Info:    Font shape `OT1/ptm/bx/it' in size <10> not available
(Font)              Font shape `OT1/ptm/b/it' tried instead on input line 726.
LaTeX Font Info:    Font shape `OT1/ptm/bx/n' in size <11> not available
(Font)              Font shape `OT1/ptm/b/n' tried instead on input line 726.
LaTeX Font Info:    Font shape `OT1/ptm/bx/it' in size <11> not available
(Font)              Font shape `OT1/ptm/b/it' tried instead on input line 726.
LaTeX Font Info:    Font shape `OT1/ptm/bx/n' in size <12> not available
(Font)              Font shape `OT1/ptm/b/n' tried instead on input line 726.
LaTeX Font Info:    Font shape `OT1/ptm/bx/it' in size <12> not available
(Font)              Font shape `OT1/ptm/b/it' tried instead on input line 726.
LaTeX Font Info:    Font shape `OT1/ptm/bx/n' in size <17> not available
(Font)              Font shape `OT1/ptm/b/n' tried instead on input line 726.
LaTeX Font Info:    Font shape `OT1/ptm/bx/it' in size <17> not available
(Font)              Font shape `OT1/ptm/b/it' tried instead on input line 726.
LaTeX Font Info:    Font shape `OT1/ptm/bx/n' in size <20> not available
(Font)              Font shape `OT1/ptm/b/n' tried instead on input line 726.
LaTeX Font Info:    Font shape `OT1/ptm/bx/it' in size <20> not available
(Font)              Font shape `OT1/ptm/b/it' tried instead on input line 726.
LaTeX Font Info:    Font shape `OT1/ptm/bx/n' in size <24> not available
(Font)              Font shape `OT1/ptm/b/n' tried instead on input line 726.
LaTeX Font Info:    Font shape `OT1/ptm/bx/it' in size <24> not available
(Font)              Font shape `OT1/ptm/b/it' tried instead on input line 726.
\IEEEilabelindentA=\dimen108
\IEEEilabelindentB=\dimen109
\IEEEilabelindent=\dimen110
\IEEEelabelindent=\dimen111
\IEEEdlabelindent=\dimen112
\IEEElabelindent=\dimen113
\IEEEiednormlabelsep=\dimen114
\IEEEiedmathlabelsep=\dimen115
\IEEEiedtopsep=\skip41
\c@section=\count81
\c@subsection=\count82
\c@subsubsection=\count83
\c@paragraph=\count84
\c@IEEEsubequation=\count85
\abovecaptionskip=\skip42
\belowcaptionskip=\skip43
\c@figure=\count86
\c@table=\count87
\@IEEEeqnnumcols=\count88
\@IEEEeqncolcnt=\count89
\@IEEEsubeqnnumrollback=\count90
\@IEEEtmpitemindent=\dimen116
\c@IEEEbiography=\count91
\@IEEEtranrubishbin=\box26
) (/usr/share/texmf-dist/tex/latex/base/inputenc.sty
Package: inputenc 2008/03/30 v1.1d Input encoding file
\inpenc@prehook=\toks15
\inpenc@posthook=\toks16

(/usr/share/texmf-dist/tex/latex/ucs/utf8x.def
File: utf8x.def 2004/10/17 UCS: Input encoding UTF-8
))
(/usr/share/texmf-dist/tex/latex/ucs/ucs.sty
Package: ucs 2013/05/11 v2.2 UCS: Unicode input support

(/usr/share/texmf-dist/tex/latex/ucs/data/uni-global.def
File: uni-global.def 2013/05/13 UCS: Unicode global data
)
\uc@secondtry=\count92
\uc@combtoks=\toks17
\uc@combtoksb=\toks18
\uc@temptokena=\toks19
)
(/usr/share/texmf-dist/tex/latex/base/fontenc.sty
Package: fontenc 2005/09/27 v1.99g Standard LaTeX package

(/usr/share/texmf-dist/tex/latex/lithuanian/l7xenc.def
File: l7xenc.def 2008/10/14 v1.96 LaTeX-LT file
LaTeX Info: Redefining \selectfont on input line 30.
)
LaTeX Font Info:    Failed loading font information for L7x+ptm. on input line 
100.
LaTeX Font Info:    Try loading font information for L7x+lmr on input line 100.


(/usr/share/texmf-dist/tex/latex/lm/l7xlmr.fd
File: l7xlmr.fd 2009/10/30 v1.6 Font defs for Latin Modern
))
(/usr/share/texmf-dist/tex/generic/babel/babel.sty
Package: babel 2013/05/16 v3.9f The Babel package

(/usr/share/texmf-dist/tex/latex/lithuanian/lithuanian.ldf
Language: lithuanian 2006/09/20 v0.5 Lithuanian support from the babel system

(/usr/share/texmf-dist/tex/generic/babel/babel.def
File: babel.def 2013/05/16 v3.9f Babel common definitions
\babel@savecnt=\count93
\U@D=\dimen117
)))
(/usr/share/texmf-dist/tex/latex/listings/listings.sty
(/usr/share/texmf-dist/tex/latex/graphics/keyval.sty
Package: keyval 1999/03/16 v1.13 key=value parser (DPC)
\KV@toks@=\toks20
)
\lst@mode=\count94
\lst@gtempboxa=\box27
\lst@token=\toks21
\lst@length=\count95
\lst@currlwidth=\dimen118
\lst@column=\count96
\lst@pos=\count97
\lst@lostspace=\dimen119
\lst@width=\dimen120
\lst@newlines=\count98
\lst@lineno=\count99
\lst@maxwidth=\dimen121

(/usr/share/texmf-dist/tex/latex/listings/lstmisc.sty
File: lstmisc.sty 2013/08/26 1.5b (Carsten Heinz)
\c@lstnumber=\count100
\lst@skipnumbers=\count101
\lst@framebox=\box28
)
(/usr/share/texmf-dist/tex/latex/listings/listings.cfg
File: listings.cfg 2013/08/26 1.5b listings configuration
))
Package: listings 2013/08/26 1.5b (Carsten Heinz)

(/usr/share/texmf-dist/tex/latex/listings/lstlang1.sty
File: lstlang1.sty 2013/08/26 1.5b listings language file
) (./main.aux)
\openout1 = `main.aux'.

LaTeX Font Info:    Checking defaults for OML/cmm/m/it on input line 17.
LaTeX Font Info:    ... okay on input line 17.
LaTeX Font Info:    Checking defaults for T1/cmr/m/n on input line 17.
LaTeX Font Info:    ... okay on input line 17.
LaTeX Font Info:    Checking defaults for OT1/cmr/m/n on input line 17.
LaTeX Font Info:    ... okay on input line 17.
LaTeX Font Info:    Checking defaults for OMS/cmsy/m/n on input line 17.
LaTeX Font Info:    ... okay on input line 17.
LaTeX Font Info:    Checking defaults for OMX/cmex/m/n on input line 17.
LaTeX Font Info:    ... okay on input line 17.
LaTeX Font Info:    Checking defaults for U/cmr/m/n on input line 17.
LaTeX Font Info:    ... okay on input line 17.
LaTeX Font Info:    Checking defaults for L7x/lmr/m/n on input line 17.
LaTeX Font Info:    ... okay on input line 17.
LaTeX Font Info:    Failed loading font information for L7x+ptm. on input line 
17.
LaTeX Font Info:    Failed loading font information for L7x+ptm. on input line 
17.
LaTeX Font Info:    Failed loading font information for L7x+ptm. on input line 
17.
LaTeX Font Info:    Failed loading font information for L7x+ptm. on input line 
17.
LaTeX Font Info:    Failed loading font information for L7x+ptm. on input line 
17.
LaTeX Font Info:    Failed loading font information for L7x+ptm. on input line 
17.
LaTeX Font Info:    Failed loading font information for L7x+ptm. on input line 
17.
LaTeX Font Info:    Failed loading font information for L7x+ptm. on input line 
17.
LaTeX Font Info:    Failed loading font information for L7x+ptm. on input line 
17.
LaTeX Font Info:    Failed loading font information for L7x+ptm. on input line 
17.
LaTeX Font Info:    Failed loading font information for L7x+ptm. on input line 
17.
LaTeX Font Info:    Failed loading font information for L7x+ptm. on input line 
17.
LaTeX Font Info:    Failed loading font information for L7x+ptm. on input line 
17.
LaTeX Font Info:    Failed loading font information for L7x+ptm. on input line 
17.
LaTeX Font Info:    Failed loading font information for L7x+ptm. on input line 
17.
LaTeX Font Info:    Failed loading font information for L7x+ptm. on input line 
17.
LaTeX Font Info:    Failed loading font information for L7x+ptm. on input line 
17.
LaTeX Font Info:    Failed loading font information for L7x+ptm. on input line 
17.
LaTeX Font Info:    Failed loading font information for L7x+ptm. on input line 
17.
LaTeX Font Info:    Failed loading font information for L7x+ptm. on input line 
17.
LaTeX Font Info:    Failed loading font information for L7x+ptm. on input line 
17.
LaTeX Font Info:    Failed loading font information for L7x+ptm. on input line 
17.

(/usr/share/texmf-dist/tex/latex/ucs/ucsencs.def
File: ucsencs.def 2011/01/21 Fixes to fontencodings LGR, T3
)
\c@lstlisting=\count102
LaTeX Font Info:    Failed loading font information for L7x+ptm. on input line 
19.
LaTeX Font Info:    Failed loading font information for L7x+pcr. on input line 
19.
LaTeX Font Info:    Failed loading font information for L7x+ptm. on input line 
19.
LaTeX Font Info:    Failed loading font information for L7x+ptm. on input line 
21.

(/usr/share/texmf-dist/tex/latex/ucs/data/uni-1.def
File: uni-1.def 2013/05/13 UCS: Unicode data U+0100..U+01FF
)
LaTeX Font Info:    Failed loading font information for L7x+ptm. on input line 
27.
LaTeX Font Info:    Failed loading font information for L7x+ptm. on input line 
31.
LaTeX Font Info:    External font `cmex10' loaded for size
(Font)              <7> on input line 34.
LaTeX Font Info:    External font `cmex10' loaded for size
(Font)              <5> on input line 34.
LaTeX Font Info:    Failed loading font information for L7x+ptm. on input line 
34.
LaTeX Font Info:    Failed loading font information for L7x+ptm. on input line 
35.
LaTeX Font Info:    Failed loading font information for L7x+ptm. on input line 
36.
LaTeX Font Info:    Failed loading font information for L7x+ptm. on input line 
37.
LaTeX Font Info:    Failed loading font information for L7x+ptm. on input line 
38.
LaTeX Font Info:    Failed loading font information for L7x+ptm. on input line 
39.
LaTeX Font Info:    Failed loading font information for L7x+ptm. on input line 
42.
LaTeX Font Info:    Failed loading font information for L7x+ptm. on input line 
45.
LaTeX Font Info:    Failed loading font information for L7x+ptm. on input line 
47.
LaTeX Font Info:    Failed loading font information for L7x+ptm. on input line 
49.
LaTeX Font Info:    Failed loading font information for L7x+ptm. on input line 
51.
LaTeX Font Info:    Failed loading font information for L7x+ptm. on input line 
53.
LaTeX Font Info:    Failed loading font information for L7x+ptm. on input line 
55.
LaTeX Font Info:    Failed loading font information for L7x+ptm. on input line 
57.
LaTeX Font Info:    Failed loading font information for L7x+ptm. on input line 
59.
LaTeX Font Info:    Failed loading font information for L7x+ptm. on input line 
61.
LaTeX Font Info:    Failed loading font information for L7x+ptm. on input line 
63.
LaTeX Font Info:    Failed loading font information for L7x+ptm. on input line 
65.
LaTeX Font Info:    Failed loading font information for L7x+ptm. on input line 
67.
LaTeX Font Info:    Failed loading font information for L7x+ptm. on input line 
69.
LaTeX Font Info:    Failed loading font information for L7x+ptm. on input line 
71.
LaTeX Font Info:    Failed loading font information for L7x+ptm. on input line 
72.
 [1{/var/lib/texmf/fonts/map/pdftex/updmap/pdftex.map}]
LaTeX Font Info:    Failed loading font information for L7x+ptm. on input line 
73.
LaTeX Font Info:    Failed loading font information for L7x+ptm. on input line 
75.
LaTeX Font Info:    Failed loading font information for L7x+ptm. on input line 
77.
LaTeX Font Info:    Failed loading font information for L7x+ptm. on input line 
79.
LaTeX Font Info:    Failed loading font information for L7x+ptm. on input line 
83.
LaTeX Font Info:    Failed loading font information for L7x+ptm. on input line 
86.
LaTeX Font Info:    Failed loading font information for L7x+ptm. on input line 
87.
LaTeX Font Info:    Failed loading font information for L7x+ptm. on input line 
88.
LaTeX Font Info:    Failed loading font information for L7x+ptm. on input line 
89.
LaTeX Font Info:    Failed loading font information for L7x+ptm. on input line 
90.
LaTeX Font Info:    Failed loading font information for L7x+ptm. on input line 
91.
LaTeX Font Info:    Failed loading font information for L7x+ptm. on input line 
97.
 [2] (./main.aux) ) 
Here is how much of TeX's memory you used:
 4009 strings out of 493311
 56446 string characters out of 6143650
 146912 words of memory out of 5000000
 7461 multiletter control sequences out of 15000+600000
 106491 words of font info for 95 fonts, out of 8000000 for 9000
 957 hyphenation exceptions out of 8191
 26i,5n,40p,695b,474s stack positions out of 5000i,500n,10000p,200000b,80000s
{/usr/share/texmf-dist/fonts/enc/dvips/lm/lm-l7x.enc}</usr/s
hare/texmf-dist/fonts/type1/public/amsfonts/cm/cmsy7.pfb></usr/share/texmf-dist
/fonts/type1/public/lm/lmbx10.pfb></usr/share/texmf-dist/fonts/type1/public/lm/
lmcsc10.pfb></usr/share/texmf-dist/fonts/type1/public/lm/lmr10.pfb></usr/share/
texmf-dist/fonts/type1/public/lm/lmr12.pfb></usr/share/texmf-dist/fonts/type1/p
ublic/lm/lmr17.pfb></usr/share/texmf-dist/fonts/type1/public/lm/lmr7.pfb></usr/
share/texmf-dist/fonts/type1/public/lm/lmri10.pfb>
Output written on main.pdf (2 pages, 159036 bytes).
PDF statistics:
 44 PDF objects out of 1000 (max. 8388607)
 31 compressed objects within 1 object stream
 0 named destinations out of 1000 (max. 500000)
 1 words of extra memory for PDF output out of 10000 (max. 10000000)

